2025-10-15 00:00:02.585 +07:00 [INF] Login attempt for email: putri@example.com {"SourceContext":"MyApp.WebAPI.Services.AuthenticationService","ActionId":"7c5fef5f-d0f7-47ae-827d-8325eb8ad924","ActionName":"MyApp.WebAPI.Controllers.AuthController.Login (MyApp.WebAPI)","RequestId":"0HNGB89SNRO8V:00000001","RequestPath":"/api/Auth/login","ConnectionId":"0HNGB89SNRO8V","CorrelationId":"84a37b8f","Application":"AppleMusicAPI"}
2025-10-15 00:00:02.958 +07:00 [WRN] Login failed: User not found or inactive for email: putri@example.com {"SourceContext":"MyApp.WebAPI.Services.AuthenticationService","ActionId":"7c5fef5f-d0f7-47ae-827d-8325eb8ad924","ActionName":"MyApp.WebAPI.Controllers.AuthController.Login (MyApp.WebAPI)","RequestId":"0HNGB89SNRO8V:00000001","RequestPath":"/api/Auth/login","ConnectionId":"0HNGB89SNRO8V","CorrelationId":"84a37b8f","Application":"AppleMusicAPI"}
2025-10-15 00:00:03.342 +07:00 [ERR] An unhandled exception occurred {"SourceContext":"MyApp.WebAPI.Middleware.GlobalExceptionHandlingMiddleware","RequestId":"0HNGB89SNRO8V:00000001","RequestPath":"/api/Auth/login","ConnectionId":"0HNGB89SNRO8V","CorrelationId":"84a37b8f","Application":"AppleMusicAPI"}
MyApp.WebAPI.Exceptions.ValidationException: Invalid email or password
   at MyApp.WebAPI.Services.AuthenticationService.LoginAsync(LoginRequestDto request) in E:\Documents\KULIAH S1 TEKNIK INFORMATIKA\IT DEVELOPER BOOTCAMP (PT SCU)\FIX UI\applemusic-tim1\default-project-main\src\06.WebAPI\Services\AuthenticationService.cs:line 132
   at MyApp.WebAPI.Controllers.AuthController.Login(LoginRequestDto request) in E:\Documents\KULIAH S1 TEKNIK INFORMATIKA\IT DEVELOPER BOOTCAMP (PT SCU)\FIX UI\applemusic-tim1\default-project-main\src\06.WebAPI\Controllers\AuthController.cs:line 64
   at lambda_method730(Closure, Object)
   at Microsoft.AspNetCore.Mvc.Infrastructure.ActionMethodExecutor.AwaitableObjectResultExecutor.Execute(ActionContext actionContext, IActionResultTypeMapper mapper, ObjectMethodExecutor executor, Object controller, Object[] arguments)
   at Microsoft.AspNetCore.Mvc.Infrastructure.ControllerActionInvoker.<InvokeActionMethodAsync>g__Awaited|12_0(ControllerActionInvoker invoker, ValueTask`1 actionResultValueTask)
   at Microsoft.AspNetCore.Mvc.Infrastructure.ControllerActionInvoker.<InvokeNextActionFilterAsync>g__Awaited|10_0(ControllerActionInvoker invoker, Task lastTask, State next, Scope scope, Object state, Boolean isCompleted)
   at Microsoft.AspNetCore.Mvc.Infrastructure.ControllerActionInvoker.Rethrow(ActionExecutedContextSealed context)
   at Microsoft.AspNetCore.Mvc.Infrastructure.ControllerActionInvoker.Next(State& next, Scope& scope, Object& state, Boolean& isCompleted)
   at Microsoft.AspNetCore.Mvc.Infrastructure.ControllerActionInvoker.<InvokeInnerFilterAsync>g__Awaited|13_0(ControllerActionInvoker invoker, Task lastTask, State next, Scope scope, Object state, Boolean isCompleted)
   at Microsoft.AspNetCore.Mvc.Infrastructure.ResourceInvoker.<InvokeFilterPipelineAsync>g__Awaited|20_0(ResourceInvoker invoker, Task lastTask, State next, Scope scope, Object state, Boolean isCompleted)
   at Microsoft.AspNetCore.Mvc.Infrastructure.ResourceInvoker.<InvokeAsync>g__Awaited|17_0(ResourceInvoker invoker, Task task, IDisposable scope)
   at Microsoft.AspNetCore.Mvc.Infrastructure.ResourceInvoker.<InvokeAsync>g__Awaited|17_0(ResourceInvoker invoker, Task task, IDisposable scope)
   at Microsoft.AspNetCore.Authorization.AuthorizationMiddleware.Invoke(HttpContext context)
   at Microsoft.AspNetCore.Authentication.AuthenticationMiddleware.Invoke(HttpContext context)
   at MyApp.WebAPI.Middleware.GlobalExceptionHandlingMiddleware.InvokeAsync(HttpContext context) in E:\Documents\KULIAH S1 TEKNIK INFORMATIKA\IT DEVELOPER BOOTCAMP (PT SCU)\FIX UI\applemusic-tim1\default-project-main\src\06.WebAPI\Middleware\GlobalExceptionHandlingMiddleware.cs:line 51
2025-10-15 00:23:08.136 +07:00 [INF] Starting  AppleMusic API {"Application":"AppleMusicAPI"}
2025-10-15 00:23:11.874 +07:00 [FTL] Application terminated unexpectedly {"Application":"AppleMusicAPI"}
Microsoft.Extensions.Hosting.HostAbortedException: The host was aborted.
   at Microsoft.Extensions.Hosting.HostFactoryResolver.HostingListener.ThrowHostAborted()
   at Microsoft.Extensions.Hosting.HostFactoryResolver.HostingListener.OnNext(KeyValuePair`2 value)
   at System.Diagnostics.DiagnosticListener.Write(String name, Object value)
   at Microsoft.Extensions.Hosting.HostBuilder.ResolveHost(IServiceProvider serviceProvider, DiagnosticListener diagnosticListener)
   at Microsoft.Extensions.Hosting.HostApplicationBuilder.Build()
   at Microsoft.AspNetCore.Builder.WebApplicationBuilder.Build()
   at Program.<Main>$(String[] args) in E:\Documents\KULIAH S1 TEKNIK INFORMATIKA\IT DEVELOPER BOOTCAMP (PT SCU)\FIX UI\applemusic-tim1\default-project-main\src\06.WebAPI\Program.cs:line 221
2025-10-15 00:24:56.967 +07:00 [INF] Starting  AppleMusic API {"Application":"AppleMusicAPI"}
2025-10-15 00:25:01.859 +07:00 [FTL] Application terminated unexpectedly {"Application":"AppleMusicAPI"}
Microsoft.Extensions.Hosting.HostAbortedException: The host was aborted.
   at Microsoft.Extensions.Hosting.HostFactoryResolver.HostingListener.ThrowHostAborted()
   at Microsoft.Extensions.Hosting.HostFactoryResolver.HostingListener.OnNext(KeyValuePair`2 value)
   at System.Diagnostics.DiagnosticListener.Write(String name, Object value)
   at Microsoft.Extensions.Hosting.HostBuilder.ResolveHost(IServiceProvider serviceProvider, DiagnosticListener diagnosticListener)
   at Microsoft.Extensions.Hosting.HostApplicationBuilder.Build()
   at Microsoft.AspNetCore.Builder.WebApplicationBuilder.Build()
   at Program.<Main>$(String[] args) in E:\Documents\KULIAH S1 TEKNIK INFORMATIKA\IT DEVELOPER BOOTCAMP (PT SCU)\FIX UI\applemusic-tim1\default-project-main\src\06.WebAPI\Program.cs:line 221
2025-10-15 00:25:42.727 +07:00 [INF] Starting  AppleMusic API {"Application":"AppleMusicAPI"}
2025-10-15 00:25:43.637 +07:00 [INF] 🗄️ Starting database migration for 1 DbContext(s)... {"SourceContext":"Program","Application":"AppleMusicAPI"}
2025-10-15 00:25:43.650 +07:00 [INF] 🔄 Processing AppleMusicDbContext... {"SourceContext":"Program","Application":"AppleMusicAPI"}
2025-10-15 00:25:45.890 +07:00 [WRN] Sensitive data logging is enabled. Log entries and exception messages may include sensitive application data; this mode should only be enabled during development. {"EventId":{"Id":10400,"Name":"Microsoft.EntityFrameworkCore.Infrastructure.SensitiveDataLoggingEnabledWarning"},"SourceContext":"Microsoft.EntityFrameworkCore.Model.Validation","Application":"AppleMusicAPI"}
2025-10-15 00:25:48.752 +07:00 [INF] 📊 AppleMusicDbContext: 0 applied, 2 pending migration(s) {"SourceContext":"Program","Application":"AppleMusicAPI"}
2025-10-15 00:25:48.757 +07:00 [INF] 📋 Applying 2 migration(s) to AppleMusicDbContext: {"SourceContext":"Program","Application":"AppleMusicAPI"}
2025-10-15 00:25:48.772 +07:00 [INF]   → 20251014164105_AddEmailConfirmationFieldsToUser {"SourceContext":"Program","Application":"AppleMusicAPI"}
2025-10-15 00:25:48.788 +07:00 [INF]   → 20251014172323_SecondMigrations {"SourceContext":"Program","Application":"AppleMusicAPI"}
2025-10-15 00:25:50.419 +07:00 [ERR] ❌ Error migrating AppleMusicDbContext: An error was generated for warning 'Microsoft.EntityFrameworkCore.Migrations.PendingModelChangesWarning': The model for context 'AppleMusicDbContext' changes each time it is built. This is usually caused by dynamic values used in a 'HasData' call (e.g. `new DateTime()`, `Guid.NewGuid()`). Add a new migration and examine its contents to locate the cause, and replace the dynamic call with a static, hardcoded value. See https://aka.ms/efcore-docs-pending-changes. This exception can be suppressed or logged by passing event ID 'RelationalEventId.PendingModelChangesWarning' to the 'ConfigureWarnings' method in 'DbContext.OnConfiguring' or 'AddDbContext'. {"SourceContext":"Program","Application":"AppleMusicAPI"}
System.InvalidOperationException: An error was generated for warning 'Microsoft.EntityFrameworkCore.Migrations.PendingModelChangesWarning': The model for context 'AppleMusicDbContext' changes each time it is built. This is usually caused by dynamic values used in a 'HasData' call (e.g. `new DateTime()`, `Guid.NewGuid()`). Add a new migration and examine its contents to locate the cause, and replace the dynamic call with a static, hardcoded value. See https://aka.ms/efcore-docs-pending-changes. This exception can be suppressed or logged by passing event ID 'RelationalEventId.PendingModelChangesWarning' to the 'ConfigureWarnings' method in 'DbContext.OnConfiguring' or 'AddDbContext'.
   at Microsoft.EntityFrameworkCore.Diagnostics.EventDefinition`1.Log[TLoggerCategory](IDiagnosticsLogger`1 logger, TParam arg)
   at Microsoft.EntityFrameworkCore.Diagnostics.RelationalLoggerExtensions.NonDeterministicModel(IDiagnosticsLogger`1 diagnostics, Type contextType)
   at Microsoft.EntityFrameworkCore.Migrations.Internal.Migrator.ValidateMigrations(Boolean useTransaction, String targetMigration)
   at Microsoft.EntityFrameworkCore.Migrations.Internal.Migrator.MigrateAsync(String targetMigration, CancellationToken cancellationToken)
   at MyApp.WebAPI.Extensions.DatabaseExtensions.MigrateDbContextAsync(IServiceProvider serviceProvider, Type contextType, ILogger logger, MigrationResult result) in E:\Documents\KULIAH S1 TEKNIK INFORMATIKA\IT DEVELOPER BOOTCAMP (PT SCU)\FIX UI\applemusic-tim1\default-project-main\src\06.WebAPI\Extentions\DatabaseExtensions.cs:line 157
2025-10-15 00:25:51.091 +07:00 [INF] ━━━━━━━━━━━━━━━━━━━━━━━━━━━━━━━━━━━━━━━━ {"SourceContext":"Program","Application":"AppleMusicAPI"}
2025-10-15 00:25:51.106 +07:00 [INF] 📊 MIGRATION SUMMARY {"SourceContext":"Program","Application":"AppleMusicAPI"}
2025-10-15 00:25:51.115 +07:00 [INF] ━━━━━━━━━━━━━━━━━━━━━━━━━━━━━━━━━━━━━━━━ {"SourceContext":"Program","Application":"AppleMusicAPI"}
2025-10-15 00:25:51.122 +07:00 [INF] Total DbContexts found: 1 {"SourceContext":"Program","Application":"AppleMusicAPI"}
2025-10-15 00:25:51.129 +07:00 [INF] ✅ Migrated: 0 () {"SourceContext":"Program","Application":"AppleMusicAPI"}
2025-10-15 00:25:51.134 +07:00 [INF] ✅ Up to date: 0 () {"SourceContext":"Program","Application":"AppleMusicAPI"}
2025-10-15 00:25:51.148 +07:00 [INF] ⚠️ Skipped: 0 () {"SourceContext":"Program","Application":"AppleMusicAPI"}
2025-10-15 00:25:51.153 +07:00 [INF] ❌ Errors: 1 {"SourceContext":"Program","Application":"AppleMusicAPI"}
2025-10-15 00:25:51.160 +07:00 [INF] 📈 Total migrations applied: 0 {"SourceContext":"Program","Application":"AppleMusicAPI"}
2025-10-15 00:25:51.165 +07:00 [WRN] ⚠️ Migration completed with 1 error(s): {"SourceContext":"Program","Application":"AppleMusicAPI"}
2025-10-15 00:25:51.190 +07:00 [WRN]   → AppleMusicDbContext: An error was generated for warning 'Microsoft.EntityFrameworkCore.Migrations.PendingModelChangesWarning': The model for context 'AppleMusicDbContext' changes each time it is built. This is usually caused by dynamic values used in a 'HasData' call (e.g. `new DateTime()`, `Guid.NewGuid()`). Add a new migration and examine its contents to locate the cause, and replace the dynamic call with a static, hardcoded value. See https://aka.ms/efcore-docs-pending-changes. This exception can be suppressed or logged by passing event ID 'RelationalEventId.PendingModelChangesWarning' to the 'ConfigureWarnings' method in 'DbContext.OnConfiguring' or 'AddDbContext'. {"SourceContext":"Program","Application":"AppleMusicAPI"}
2025-10-15 00:25:51.205 +07:00 [INF] ━━━━━━━━━━━━━━━━━━━━━━━━━━━━━━━━━━━━━━━━ {"SourceContext":"Program","Application":"AppleMusicAPI"}
2025-10-15 00:25:51.833 +07:00 [INF] Ensuring database is created... {"Application":"AppleMusicAPI"}
2025-10-15 00:25:52.277 +07:00 [INF] Database ready with Identity tables and default roles {"Application":"AppleMusicAPI"}
2025-10-15 00:25:52.303 +07:00 [INF] Application started successfully with Authentication & Authorization {"Application":"AppleMusicAPI"}
2025-10-15 00:30:16.035 +07:00 [WRN] Failed to determine the https port for redirect. {"EventId":{"Id":3,"Name":"FailedToDeterminePort"},"SourceContext":"Microsoft.AspNetCore.HttpsPolicy.HttpsRedirectionMiddleware","RequestId":"0HNGB8SCC0OA4:00000001","RequestPath":"/api/Auth/register","ConnectionId":"0HNGB8SCC0OA4","CorrelationId":"e2207711","Application":"AppleMusicAPI"}
2025-10-15 00:30:17.665 +07:00 [INF] User registration attempt for email: unil@example.com {"SourceContext":"MyApp.WebAPI.Services.AuthenticationService","ActionId":"7ceb78e9-f91f-4b8d-88e6-7670c9806075","ActionName":"MyApp.WebAPI.Controllers.AuthController.Register (MyApp.WebAPI)","RequestId":"0HNGB8SCC0OA4:00000001","RequestPath":"/api/Auth/register","ConnectionId":"0HNGB8SCC0OA4","CorrelationId":"e2207711","Application":"AppleMusicAPI"}
2025-10-15 00:30:25.712 +07:00 [INF] Email sent successfully to: unil@example.com {"SourceContext":"MyApp.WebAPI.Services.EmailService","ActionId":"7ceb78e9-f91f-4b8d-88e6-7670c9806075","ActionName":"MyApp.WebAPI.Controllers.AuthController.Register (MyApp.WebAPI)","RequestId":"0HNGB8SCC0OA4:00000001","RequestPath":"/api/Auth/register","ConnectionId":"0HNGB8SCC0OA4","CorrelationId":"e2207711","Application":"AppleMusicAPI"}
2025-10-15 00:30:25.719 +07:00 [INF] User registration successful for email: unil@example.com {"SourceContext":"MyApp.WebAPI.Services.AuthenticationService","ActionId":"7ceb78e9-f91f-4b8d-88e6-7670c9806075","ActionName":"MyApp.WebAPI.Controllers.AuthController.Register (MyApp.WebAPI)","RequestId":"0HNGB8SCC0OA4:00000001","RequestPath":"/api/Auth/register","ConnectionId":"0HNGB8SCC0OA4","CorrelationId":"e2207711","Application":"AppleMusicAPI"}
2025-10-15 01:14:18.431 +07:00 [INF] Starting  AppleMusic API {"Application":"AppleMusicAPI"}
2025-10-15 01:14:22.310 +07:00 [FTL] Application terminated unexpectedly {"Application":"AppleMusicAPI"}
Microsoft.Extensions.Hosting.HostAbortedException: The host was aborted.
   at Microsoft.Extensions.Hosting.HostFactoryResolver.HostingListener.ThrowHostAborted()
   at Microsoft.Extensions.Hosting.HostFactoryResolver.HostingListener.OnNext(KeyValuePair`2 value)
   at System.Diagnostics.DiagnosticListener.Write(String name, Object value)
   at Microsoft.Extensions.Hosting.HostBuilder.ResolveHost(IServiceProvider serviceProvider, DiagnosticListener diagnosticListener)
   at Microsoft.Extensions.Hosting.HostApplicationBuilder.Build()
   at Microsoft.AspNetCore.Builder.WebApplicationBuilder.Build()
   at Program.<Main>$(String[] args) in E:\Documents\KULIAH S1 TEKNIK INFORMATIKA\IT DEVELOPER BOOTCAMP (PT SCU)\FIX UI\applemusic-tim1\default-project-main\src\06.WebAPI\Program.cs:line 221
2025-10-15 01:15:41.405 +07:00 [INF] Starting  AppleMusic API {"Application":"AppleMusicAPI"}
2025-10-15 01:15:46.223 +07:00 [FTL] Application terminated unexpectedly {"Application":"AppleMusicAPI"}
Microsoft.Extensions.Hosting.HostAbortedException: The host was aborted.
   at Microsoft.Extensions.Hosting.HostFactoryResolver.HostingListener.ThrowHostAborted()
   at Microsoft.Extensions.Hosting.HostFactoryResolver.HostingListener.OnNext(KeyValuePair`2 value)
   at System.Diagnostics.DiagnosticListener.Write(String name, Object value)
   at Microsoft.Extensions.Hosting.HostBuilder.ResolveHost(IServiceProvider serviceProvider, DiagnosticListener diagnosticListener)
   at Microsoft.Extensions.Hosting.HostApplicationBuilder.Build()
   at Microsoft.AspNetCore.Builder.WebApplicationBuilder.Build()
   at Program.<Main>$(String[] args) in E:\Documents\KULIAH S1 TEKNIK INFORMATIKA\IT DEVELOPER BOOTCAMP (PT SCU)\FIX UI\applemusic-tim1\default-project-main\src\06.WebAPI\Program.cs:line 221
2025-10-15 01:16:36.566 +07:00 [INF] Starting  AppleMusic API {"Application":"AppleMusicAPI"}
2025-10-15 01:16:40.153 +07:00 [FTL] Application terminated unexpectedly {"Application":"AppleMusicAPI"}
Microsoft.Extensions.Hosting.HostAbortedException: The host was aborted.
   at Microsoft.Extensions.Hosting.HostFactoryResolver.HostingListener.ThrowHostAborted()
   at Microsoft.Extensions.Hosting.HostFactoryResolver.HostingListener.OnNext(KeyValuePair`2 value)
   at System.Diagnostics.DiagnosticListener.Write(String name, Object value)
   at Microsoft.Extensions.Hosting.HostBuilder.ResolveHost(IServiceProvider serviceProvider, DiagnosticListener diagnosticListener)
   at Microsoft.Extensions.Hosting.HostApplicationBuilder.Build()
   at Microsoft.AspNetCore.Builder.WebApplicationBuilder.Build()
   at Program.<Main>$(String[] args) in E:\Documents\KULIAH S1 TEKNIK INFORMATIKA\IT DEVELOPER BOOTCAMP (PT SCU)\FIX UI\applemusic-tim1\default-project-main\src\06.WebAPI\Program.cs:line 221
2025-10-15 01:16:48.790 +07:00 [INF] Starting  AppleMusic API {"Application":"AppleMusicAPI"}
2025-10-15 01:16:48.897 +07:00 [FTL] Application terminated unexpectedly {"Application":"AppleMusicAPI"}
Microsoft.Extensions.Hosting.HostAbortedException: The host was aborted.
   at Microsoft.Extensions.Hosting.HostFactoryResolver.HostingListener.ThrowHostAborted()
   at Microsoft.Extensions.Hosting.HostFactoryResolver.HostingListener.OnNext(KeyValuePair`2 value)
   at System.Diagnostics.DiagnosticListener.Write(String name, Object value)
   at Microsoft.Extensions.Hosting.HostBuilder.ResolveHost(IServiceProvider serviceProvider, DiagnosticListener diagnosticListener)
   at Microsoft.Extensions.Hosting.HostApplicationBuilder.Build()
   at Microsoft.AspNetCore.Builder.WebApplicationBuilder.Build()
   at Program.<Main>$(String[] args) in E:\Documents\KULIAH S1 TEKNIK INFORMATIKA\IT DEVELOPER BOOTCAMP (PT SCU)\FIX UI\applemusic-tim1\default-project-main\src\06.WebAPI\Program.cs:line 221
2025-10-15 01:17:30.298 +07:00 [INF] Starting  AppleMusic API {"Application":"AppleMusicAPI"}
2025-10-15 01:17:31.264 +07:00 [FTL] Application terminated unexpectedly {"Application":"AppleMusicAPI"}
Microsoft.Extensions.Hosting.HostAbortedException: The host was aborted.
   at Microsoft.Extensions.Hosting.HostFactoryResolver.HostingListener.ThrowHostAborted()
   at Microsoft.Extensions.Hosting.HostFactoryResolver.HostingListener.OnNext(KeyValuePair`2 value)
   at System.Diagnostics.DiagnosticListener.Write(String name, Object value)
   at Microsoft.Extensions.Hosting.HostBuilder.ResolveHost(IServiceProvider serviceProvider, DiagnosticListener diagnosticListener)
   at Microsoft.Extensions.Hosting.HostApplicationBuilder.Build()
   at Microsoft.AspNetCore.Builder.WebApplicationBuilder.Build()
   at Program.<Main>$(String[] args) in E:\Documents\KULIAH S1 TEKNIK INFORMATIKA\IT DEVELOPER BOOTCAMP (PT SCU)\FIX UI\applemusic-tim1\default-project-main\src\06.WebAPI\Program.cs:line 221
2025-10-15 01:18:26.184 +07:00 [INF] Starting  AppleMusic API {"Application":"AppleMusicAPI"}
2025-10-15 01:18:27.694 +07:00 [INF] 🗄️ Starting database migration for 1 DbContext(s)... {"SourceContext":"Program","Application":"AppleMusicAPI"}
2025-10-15 01:18:27.862 +07:00 [INF] 🔄 Processing AppleMusicDbContext... {"SourceContext":"Program","Application":"AppleMusicAPI"}
2025-10-15 01:18:29.921 +07:00 [WRN] Sensitive data logging is enabled. Log entries and exception messages may include sensitive application data; this mode should only be enabled during development. {"EventId":{"Id":10400,"Name":"Microsoft.EntityFrameworkCore.Infrastructure.SensitiveDataLoggingEnabledWarning"},"SourceContext":"Microsoft.EntityFrameworkCore.Model.Validation","Application":"AppleMusicAPI"}
2025-10-15 01:18:31.881 +07:00 [ERR] ❌ Cannot connect to database for AppleMusicDbContext {"SourceContext":"Program","Application":"AppleMusicAPI"}
2025-10-15 01:18:31.891 +07:00 [INF] ━━━━━━━━━━━━━━━━━━━━━━━━━━━━━━━━━━━━━━━━ {"SourceContext":"Program","Application":"AppleMusicAPI"}
2025-10-15 01:18:31.901 +07:00 [INF] 📊 MIGRATION SUMMARY {"SourceContext":"Program","Application":"AppleMusicAPI"}
2025-10-15 01:18:33.206 +07:00 [INF] ━━━━━━━━━━━━━━━━━━━━━━━━━━━━━━━━━━━━━━━━ {"SourceContext":"Program","Application":"AppleMusicAPI"}
2025-10-15 01:18:34.437 +07:00 [INF] Total DbContexts found: 1 {"SourceContext":"Program","Application":"AppleMusicAPI"}
2025-10-15 01:18:34.535 +07:00 [INF] ✅ Migrated: 0 () {"SourceContext":"Program","Application":"AppleMusicAPI"}
2025-10-15 01:18:34.595 +07:00 [INF] ✅ Up to date: 0 () {"SourceContext":"Program","Application":"AppleMusicAPI"}
2025-10-15 01:18:34.657 +07:00 [INF] ⚠️ Skipped: 0 () {"SourceContext":"Program","Application":"AppleMusicAPI"}
2025-10-15 01:18:34.675 +07:00 [INF] ❌ Errors: 1 {"SourceContext":"Program","Application":"AppleMusicAPI"}
2025-10-15 01:18:35.045 +07:00 [INF] 📈 Total migrations applied: 0 {"SourceContext":"Program","Application":"AppleMusicAPI"}
2025-10-15 01:18:37.753 +07:00 [WRN] ⚠️ Migration completed with 1 error(s): {"SourceContext":"Program","Application":"AppleMusicAPI"}
2025-10-15 01:18:37.909 +07:00 [WRN]   → AppleMusicDbContext: Cannot connect to database {"SourceContext":"Program","Application":"AppleMusicAPI"}
2025-10-15 01:18:38.001 +07:00 [INF] ━━━━━━━━━━━━━━━━━━━━━━━━━━━━━━━━━━━━━━━━ {"SourceContext":"Program","Application":"AppleMusicAPI"}
2025-10-15 01:18:38.542 +07:00 [INF] Ensuring database is created... {"Application":"AppleMusicAPI"}
2025-10-15 01:18:44.685 +07:00 [INF] Database ready with Identity tables and default roles {"Application":"AppleMusicAPI"}
2025-10-15 01:18:44.690 +07:00 [INF] Application started successfully with Authentication & Authorization {"Application":"AppleMusicAPI"}
2025-10-15 01:24:49.182 +07:00 [WRN] Failed to determine the https port for redirect. {"EventId":{"Id":3,"Name":"FailedToDeterminePort"},"SourceContext":"Microsoft.AspNetCore.HttpsPolicy.HttpsRedirectionMiddleware","RequestId":"0HNGB9OS0TEBK:00000001","RequestPath":"/api/Auth/register","ConnectionId":"0HNGB9OS0TEBK","CorrelationId":"63202772","Application":"AppleMusicAPI"}
2025-10-15 01:24:51.665 +07:00 [INF] User registration attempt for email: putri4@gmail.com {"SourceContext":"MyApp.WebAPI.Services.AuthenticationService","ActionId":"e8e85487-117b-4669-94f8-adbc4114a89e","ActionName":"MyApp.WebAPI.Controllers.AuthController.Register (MyApp.WebAPI)","RequestId":"0HNGB9OS0TEBK:00000001","RequestPath":"/api/Auth/register","ConnectionId":"0HNGB9OS0TEBK","CorrelationId":"63202772","Application":"AppleMusicAPI"}
2025-10-15 01:25:05.804 +07:00 [INF] Email sent successfully to: putri4@gmail.com {"SourceContext":"MyApp.WebAPI.Services.EmailService","ActionId":"e8e85487-117b-4669-94f8-adbc4114a89e","ActionName":"MyApp.WebAPI.Controllers.AuthController.Register (MyApp.WebAPI)","RequestId":"0HNGB9OS0TEBK:00000001","RequestPath":"/api/Auth/register","ConnectionId":"0HNGB9OS0TEBK","CorrelationId":"63202772","Application":"AppleMusicAPI"}
2025-10-15 01:25:05.822 +07:00 [INF] User registration successful for email: putri4@gmail.com {"SourceContext":"MyApp.WebAPI.Services.AuthenticationService","ActionId":"e8e85487-117b-4669-94f8-adbc4114a89e","ActionName":"MyApp.WebAPI.Controllers.AuthController.Register (MyApp.WebAPI)","RequestId":"0HNGB9OS0TEBK:00000001","RequestPath":"/api/Auth/register","ConnectionId":"0HNGB9OS0TEBK","CorrelationId":"63202772","Application":"AppleMusicAPI"}
2025-10-15 01:42:58.177 +07:00 [INF] Starting  AppleMusic API {"Application":"AppleMusicAPI"}
2025-10-15 01:43:03.209 +07:00 [FTL] Application terminated unexpectedly {"Application":"AppleMusicAPI"}
Microsoft.Extensions.Hosting.HostAbortedException: The host was aborted.
   at Microsoft.Extensions.Hosting.HostFactoryResolver.HostingListener.ThrowHostAborted()
   at Microsoft.Extensions.Hosting.HostFactoryResolver.HostingListener.OnNext(KeyValuePair`2 value)
   at System.Diagnostics.DiagnosticListener.Write(String name, Object value)
   at Microsoft.Extensions.Hosting.HostBuilder.ResolveHost(IServiceProvider serviceProvider, DiagnosticListener diagnosticListener)
   at Microsoft.Extensions.Hosting.HostApplicationBuilder.Build()
   at Microsoft.AspNetCore.Builder.WebApplicationBuilder.Build()
   at Program.<Main>$(String[] args) in E:\Documents\KULIAH S1 TEKNIK INFORMATIKA\IT DEVELOPER BOOTCAMP (PT SCU)\FIX UI\applemusic-tim1\default-project-main\src\06.WebAPI\Program.cs:line 221
2025-10-15 01:45:10.080 +07:00 [INF] Starting  AppleMusic API {"Application":"AppleMusicAPI"}
2025-10-15 01:45:15.348 +07:00 [FTL] Application terminated unexpectedly {"Application":"AppleMusicAPI"}
Microsoft.Extensions.Hosting.HostAbortedException: The host was aborted.
   at Microsoft.Extensions.Hosting.HostFactoryResolver.HostingListener.ThrowHostAborted()
   at Microsoft.Extensions.Hosting.HostFactoryResolver.HostingListener.OnNext(KeyValuePair`2 value)
   at System.Diagnostics.DiagnosticListener.Write(String name, Object value)
   at Microsoft.Extensions.Hosting.HostBuilder.ResolveHost(IServiceProvider serviceProvider, DiagnosticListener diagnosticListener)
   at Microsoft.Extensions.Hosting.HostApplicationBuilder.Build()
   at Microsoft.AspNetCore.Builder.WebApplicationBuilder.Build()
   at Program.<Main>$(String[] args) in E:\Documents\KULIAH S1 TEKNIK INFORMATIKA\IT DEVELOPER BOOTCAMP (PT SCU)\FIX UI\applemusic-tim1\default-project-main\src\06.WebAPI\Program.cs:line 221
2025-10-15 01:46:06.487 +07:00 [INF] Starting  AppleMusic API {"Application":"AppleMusicAPI"}
2025-10-15 01:46:08.633 +07:00 [INF] 🗄️ Starting database migration for 1 DbContext(s)... {"SourceContext":"Program","Application":"AppleMusicAPI"}
2025-10-15 01:46:09.030 +07:00 [INF] 🔄 Processing AppleMusicDbContext... {"SourceContext":"Program","Application":"AppleMusicAPI"}
2025-10-15 01:46:13.216 +07:00 [WRN] Sensitive data logging is enabled. Log entries and exception messages may include sensitive application data; this mode should only be enabled during development. {"EventId":{"Id":10400,"Name":"Microsoft.EntityFrameworkCore.Infrastructure.SensitiveDataLoggingEnabledWarning"},"SourceContext":"Microsoft.EntityFrameworkCore.Model.Validation","Application":"AppleMusicAPI"}
2025-10-15 01:46:17.850 +07:00 [INF] 📊 AppleMusicDbContext: 0 applied, 1 pending migration(s) {"SourceContext":"Program","Application":"AppleMusicAPI"}
2025-10-15 01:46:19.397 +07:00 [INF] 📋 Applying 1 migration(s) to AppleMusicDbContext: {"SourceContext":"Program","Application":"AppleMusicAPI"}
2025-10-15 01:46:21.695 +07:00 [INF]   → 20251014184314_SecondMigrations {"SourceContext":"Program","Application":"AppleMusicAPI"}
2025-10-15 01:46:27.576 +07:00 [ERR] ❌ Error migrating AppleMusicDbContext: An error was generated for warning 'Microsoft.EntityFrameworkCore.Migrations.PendingModelChangesWarning': The model for context 'AppleMusicDbContext' changes each time it is built. This is usually caused by dynamic values used in a 'HasData' call (e.g. `new DateTime()`, `Guid.NewGuid()`). Add a new migration and examine its contents to locate the cause, and replace the dynamic call with a static, hardcoded value. See https://aka.ms/efcore-docs-pending-changes. This exception can be suppressed or logged by passing event ID 'RelationalEventId.PendingModelChangesWarning' to the 'ConfigureWarnings' method in 'DbContext.OnConfiguring' or 'AddDbContext'. {"SourceContext":"Program","Application":"AppleMusicAPI"}
System.InvalidOperationException: An error was generated for warning 'Microsoft.EntityFrameworkCore.Migrations.PendingModelChangesWarning': The model for context 'AppleMusicDbContext' changes each time it is built. This is usually caused by dynamic values used in a 'HasData' call (e.g. `new DateTime()`, `Guid.NewGuid()`). Add a new migration and examine its contents to locate the cause, and replace the dynamic call with a static, hardcoded value. See https://aka.ms/efcore-docs-pending-changes. This exception can be suppressed or logged by passing event ID 'RelationalEventId.PendingModelChangesWarning' to the 'ConfigureWarnings' method in 'DbContext.OnConfiguring' or 'AddDbContext'.
   at Microsoft.EntityFrameworkCore.Diagnostics.EventDefinition`1.Log[TLoggerCategory](IDiagnosticsLogger`1 logger, TParam arg)
   at Microsoft.EntityFrameworkCore.Diagnostics.RelationalLoggerExtensions.NonDeterministicModel(IDiagnosticsLogger`1 diagnostics, Type contextType)
   at Microsoft.EntityFrameworkCore.Migrations.Internal.Migrator.ValidateMigrations(Boolean useTransaction, String targetMigration)
   at Microsoft.EntityFrameworkCore.Migrations.Internal.Migrator.MigrateAsync(String targetMigration, CancellationToken cancellationToken)
   at MyApp.WebAPI.Extensions.DatabaseExtensions.MigrateDbContextAsync(IServiceProvider serviceProvider, Type contextType, ILogger logger, MigrationResult result) in E:\Documents\KULIAH S1 TEKNIK INFORMATIKA\IT DEVELOPER BOOTCAMP (PT SCU)\FIX UI\applemusic-tim1\default-project-main\src\06.WebAPI\Extentions\DatabaseExtensions.cs:line 157
2025-10-15 01:46:27.655 +07:00 [INF] ━━━━━━━━━━━━━━━━━━━━━━━━━━━━━━━━━━━━━━━━ {"SourceContext":"Program","Application":"AppleMusicAPI"}
2025-10-15 01:46:27.660 +07:00 [INF] 📊 MIGRATION SUMMARY {"SourceContext":"Program","Application":"AppleMusicAPI"}
2025-10-15 01:46:28.834 +07:00 [INF] ━━━━━━━━━━━━━━━━━━━━━━━━━━━━━━━━━━━━━━━━ {"SourceContext":"Program","Application":"AppleMusicAPI"}
2025-10-15 01:46:28.850 +07:00 [INF] Total DbContexts found: 1 {"SourceContext":"Program","Application":"AppleMusicAPI"}
2025-10-15 01:46:29.065 +07:00 [INF] ✅ Migrated: 0 () {"SourceContext":"Program","Application":"AppleMusicAPI"}
2025-10-15 01:46:29.081 +07:00 [INF] ✅ Up to date: 0 () {"SourceContext":"Program","Application":"AppleMusicAPI"}
2025-10-15 01:46:29.114 +07:00 [INF] ⚠️ Skipped: 0 () {"SourceContext":"Program","Application":"AppleMusicAPI"}
2025-10-15 01:46:29.118 +07:00 [INF] ❌ Errors: 1 {"SourceContext":"Program","Application":"AppleMusicAPI"}
2025-10-15 01:46:29.464 +07:00 [INF] 📈 Total migrations applied: 0 {"SourceContext":"Program","Application":"AppleMusicAPI"}
2025-10-15 01:46:29.473 +07:00 [WRN] ⚠️ Migration completed with 1 error(s): {"SourceContext":"Program","Application":"AppleMusicAPI"}
2025-10-15 01:46:29.479 +07:00 [WRN]   → AppleMusicDbContext: An error was generated for warning 'Microsoft.EntityFrameworkCore.Migrations.PendingModelChangesWarning': The model for context 'AppleMusicDbContext' changes each time it is built. This is usually caused by dynamic values used in a 'HasData' call (e.g. `new DateTime()`, `Guid.NewGuid()`). Add a new migration and examine its contents to locate the cause, and replace the dynamic call with a static, hardcoded value. See https://aka.ms/efcore-docs-pending-changes. This exception can be suppressed or logged by passing event ID 'RelationalEventId.PendingModelChangesWarning' to the 'ConfigureWarnings' method in 'DbContext.OnConfiguring' or 'AddDbContext'. {"SourceContext":"Program","Application":"AppleMusicAPI"}
2025-10-15 01:46:29.500 +07:00 [INF] ━━━━━━━━━━━━━━━━━━━━━━━━━━━━━━━━━━━━━━━━ {"SourceContext":"Program","Application":"AppleMusicAPI"}
2025-10-15 01:46:30.173 +07:00 [INF] Ensuring database is created... {"Application":"AppleMusicAPI"}
2025-10-15 01:46:30.410 +07:00 [INF] Database ready with Identity tables and default roles {"Application":"AppleMusicAPI"}
2025-10-15 01:46:30.413 +07:00 [INF] Application started successfully with Authentication & Authorization {"Application":"AppleMusicAPI"}
2025-10-15 01:47:55.020 +07:00 [WRN] Failed to determine the https port for redirect. {"EventId":{"Id":3,"Name":"FailedToDeterminePort"},"SourceContext":"Microsoft.AspNetCore.HttpsPolicy.HttpsRedirectionMiddleware","RequestId":"0HNGBA81F31MJ:00000001","RequestPath":"/api/Auth/register","ConnectionId":"0HNGBA81F31MJ","CorrelationId":"fda08cf8","Application":"AppleMusicAPI"}
2025-10-15 01:48:02.192 +07:00 [INF] User registration attempt for email: string@example.com {"SourceContext":"MyApp.WebAPI.Services.AuthenticationService","ActionId":"b2237136-9623-43bf-90ca-e02e9426959d","ActionName":"MyApp.WebAPI.Controllers.AuthController.Register (MyApp.WebAPI)","RequestId":"0HNGBA81F31MJ:00000001","RequestPath":"/api/Auth/register","ConnectionId":"0HNGBA81F31MJ","CorrelationId":"fda08cf8","Application":"AppleMusicAPI"}
2025-10-15 01:48:04.724 +07:00 [WRN] User registration failed for string@example.com: Username '' is invalid, can only contain letters or digits. {"SourceContext":"MyApp.WebAPI.Services.AuthenticationService","ActionId":"b2237136-9623-43bf-90ca-e02e9426959d","ActionName":"MyApp.WebAPI.Controllers.AuthController.Register (MyApp.WebAPI)","RequestId":"0HNGBA81F31MJ:00000001","RequestPath":"/api/Auth/register","ConnectionId":"0HNGBA81F31MJ","CorrelationId":"fda08cf8","Application":"AppleMusicAPI"}
2025-10-15 01:48:04.828 +07:00 [ERR] An unhandled exception occurred {"SourceContext":"MyApp.WebAPI.Middleware.GlobalExceptionHandlingMiddleware","RequestId":"0HNGBA81F31MJ:00000001","RequestPath":"/api/Auth/register","ConnectionId":"0HNGBA81F31MJ","CorrelationId":"fda08cf8","Application":"AppleMusicAPI"}
MyApp.WebAPI.Exceptions.ValidationException: Registration failed: Username '' is invalid, can only contain letters or digits.
   at MyApp.WebAPI.Services.AuthenticationService.RegisterAsync(RegisterRequestDto request) in E:\Documents\KULIAH S1 TEKNIK INFORMATIKA\IT DEVELOPER BOOTCAMP (PT SCU)\FIX UI\applemusic-tim1\default-project-main\src\06.WebAPI\Services\AuthenticationService.cs:line 85
   at MyApp.WebAPI.Controllers.AuthController.Register(RegisterRequestDto request) in E:\Documents\KULIAH S1 TEKNIK INFORMATIKA\IT DEVELOPER BOOTCAMP (PT SCU)\FIX UI\applemusic-tim1\default-project-main\src\06.WebAPI\Controllers\AuthController.cs:line 49
   at lambda_method298(Closure, Object)
   at Microsoft.AspNetCore.Mvc.Infrastructure.ActionMethodExecutor.AwaitableObjectResultExecutor.Execute(ActionContext actionContext, IActionResultTypeMapper mapper, ObjectMethodExecutor executor, Object controller, Object[] arguments)
   at Microsoft.AspNetCore.Mvc.Infrastructure.ControllerActionInvoker.<InvokeActionMethodAsync>g__Awaited|12_0(ControllerActionInvoker invoker, ValueTask`1 actionResultValueTask)
   at Microsoft.AspNetCore.Mvc.Infrastructure.ControllerActionInvoker.<InvokeNextActionFilterAsync>g__Awaited|10_0(ControllerActionInvoker invoker, Task lastTask, State next, Scope scope, Object state, Boolean isCompleted)
   at Microsoft.AspNetCore.Mvc.Infrastructure.ControllerActionInvoker.Rethrow(ActionExecutedContextSealed context)
   at Microsoft.AspNetCore.Mvc.Infrastructure.ControllerActionInvoker.Next(State& next, Scope& scope, Object& state, Boolean& isCompleted)
   at Microsoft.AspNetCore.Mvc.Infrastructure.ControllerActionInvoker.<InvokeInnerFilterAsync>g__Awaited|13_0(ControllerActionInvoker invoker, Task lastTask, State next, Scope scope, Object state, Boolean isCompleted)
   at Microsoft.AspNetCore.Mvc.Infrastructure.ResourceInvoker.<InvokeFilterPipelineAsync>g__Awaited|20_0(ResourceInvoker invoker, Task lastTask, State next, Scope scope, Object state, Boolean isCompleted)
   at Microsoft.AspNetCore.Mvc.Infrastructure.ResourceInvoker.<InvokeAsync>g__Awaited|17_0(ResourceInvoker invoker, Task task, IDisposable scope)
   at Microsoft.AspNetCore.Mvc.Infrastructure.ResourceInvoker.<InvokeAsync>g__Awaited|17_0(ResourceInvoker invoker, Task task, IDisposable scope)
   at Microsoft.AspNetCore.Authorization.AuthorizationMiddleware.Invoke(HttpContext context)
   at Microsoft.AspNetCore.Authentication.AuthenticationMiddleware.Invoke(HttpContext context)
   at MyApp.WebAPI.Middleware.GlobalExceptionHandlingMiddleware.InvokeAsync(HttpContext context) in E:\Documents\KULIAH S1 TEKNIK INFORMATIKA\IT DEVELOPER BOOTCAMP (PT SCU)\FIX UI\applemusic-tim1\default-project-main\src\06.WebAPI\Middleware\GlobalExceptionHandlingMiddleware.cs:line 51
2025-10-15 01:53:59.334 +07:00 [INF] Starting  AppleMusic API {"Application":"AppleMusicAPI"}
2025-10-15 01:54:04.352 +07:00 [FTL] Application terminated unexpectedly {"Application":"AppleMusicAPI"}
Microsoft.Extensions.Hosting.HostAbortedException: The host was aborted.
   at Microsoft.Extensions.Hosting.HostFactoryResolver.HostingListener.ThrowHostAborted()
   at Microsoft.Extensions.Hosting.HostFactoryResolver.HostingListener.OnNext(KeyValuePair`2 value)
   at System.Diagnostics.DiagnosticListener.Write(String name, Object value)
   at Microsoft.Extensions.Hosting.HostBuilder.ResolveHost(IServiceProvider serviceProvider, DiagnosticListener diagnosticListener)
   at Microsoft.Extensions.Hosting.HostApplicationBuilder.Build()
   at Microsoft.AspNetCore.Builder.WebApplicationBuilder.Build()
   at Program.<Main>$(String[] args) in E:\Documents\KULIAH S1 TEKNIK INFORMATIKA\IT DEVELOPER BOOTCAMP (PT SCU)\FIX UI\applemusic-tim1\default-project-main\src\06.WebAPI\Program.cs:line 221
2025-10-15 01:54:39.504 +07:00 [INF] Starting  AppleMusic API {"Application":"AppleMusicAPI"}
2025-10-15 01:54:41.270 +07:00 [FTL] Application terminated unexpectedly {"Application":"AppleMusicAPI"}
Microsoft.Extensions.Hosting.HostAbortedException: The host was aborted.
   at Microsoft.Extensions.Hosting.HostFactoryResolver.HostingListener.ThrowHostAborted()
   at Microsoft.Extensions.Hosting.HostFactoryResolver.HostingListener.OnNext(KeyValuePair`2 value)
   at System.Diagnostics.DiagnosticListener.Write(String name, Object value)
   at Microsoft.Extensions.Hosting.HostBuilder.ResolveHost(IServiceProvider serviceProvider, DiagnosticListener diagnosticListener)
   at Microsoft.Extensions.Hosting.HostApplicationBuilder.Build()
   at Microsoft.AspNetCore.Builder.WebApplicationBuilder.Build()
   at Program.<Main>$(String[] args) in E:\Documents\KULIAH S1 TEKNIK INFORMATIKA\IT DEVELOPER BOOTCAMP (PT SCU)\FIX UI\applemusic-tim1\default-project-main\src\06.WebAPI\Program.cs:line 221
2025-10-15 01:55:03.697 +07:00 [INF] Starting  AppleMusic API {"Application":"AppleMusicAPI"}
2025-10-15 01:55:03.821 +07:00 [FTL] Application terminated unexpectedly {"Application":"AppleMusicAPI"}
Microsoft.Extensions.Hosting.HostAbortedException: The host was aborted.
   at Microsoft.Extensions.Hosting.HostFactoryResolver.HostingListener.ThrowHostAborted()
   at Microsoft.Extensions.Hosting.HostFactoryResolver.HostingListener.OnNext(KeyValuePair`2 value)
   at System.Diagnostics.DiagnosticListener.Write(String name, Object value)
   at Microsoft.Extensions.Hosting.HostBuilder.ResolveHost(IServiceProvider serviceProvider, DiagnosticListener diagnosticListener)
   at Microsoft.Extensions.Hosting.HostApplicationBuilder.Build()
   at Microsoft.AspNetCore.Builder.WebApplicationBuilder.Build()
   at Program.<Main>$(String[] args) in E:\Documents\KULIAH S1 TEKNIK INFORMATIKA\IT DEVELOPER BOOTCAMP (PT SCU)\FIX UI\applemusic-tim1\default-project-main\src\06.WebAPI\Program.cs:line 221
2025-10-15 01:55:46.540 +07:00 [INF] Starting  AppleMusic API {"Application":"AppleMusicAPI"}
2025-10-15 01:55:49.519 +07:00 [FTL] Application terminated unexpectedly {"Application":"AppleMusicAPI"}
Microsoft.Extensions.Hosting.HostAbortedException: The host was aborted.
   at Microsoft.Extensions.Hosting.HostFactoryResolver.HostingListener.ThrowHostAborted()
   at Microsoft.Extensions.Hosting.HostFactoryResolver.HostingListener.OnNext(KeyValuePair`2 value)
   at System.Diagnostics.DiagnosticListener.Write(String name, Object value)
   at Microsoft.Extensions.Hosting.HostBuilder.ResolveHost(IServiceProvider serviceProvider, DiagnosticListener diagnosticListener)
   at Microsoft.Extensions.Hosting.HostApplicationBuilder.Build()
   at Microsoft.AspNetCore.Builder.WebApplicationBuilder.Build()
   at Program.<Main>$(String[] args) in E:\Documents\KULIAH S1 TEKNIK INFORMATIKA\IT DEVELOPER BOOTCAMP (PT SCU)\FIX UI\applemusic-tim1\default-project-main\src\06.WebAPI\Program.cs:line 221
2025-10-15 01:57:17.094 +07:00 [INF] Starting  AppleMusic API {"Application":"AppleMusicAPI"}
2025-10-15 01:57:23.745 +07:00 [FTL] Application terminated unexpectedly {"Application":"AppleMusicAPI"}
Microsoft.Extensions.Hosting.HostAbortedException: The host was aborted.
   at Microsoft.Extensions.Hosting.HostFactoryResolver.HostingListener.ThrowHostAborted()
   at Microsoft.Extensions.Hosting.HostFactoryResolver.HostingListener.OnNext(KeyValuePair`2 value)
   at System.Diagnostics.DiagnosticListener.Write(String name, Object value)
   at Microsoft.Extensions.Hosting.HostBuilder.ResolveHost(IServiceProvider serviceProvider, DiagnosticListener diagnosticListener)
   at Microsoft.Extensions.Hosting.HostApplicationBuilder.Build()
   at Microsoft.AspNetCore.Builder.WebApplicationBuilder.Build()
   at Program.<Main>$(String[] args) in E:\Documents\KULIAH S1 TEKNIK INFORMATIKA\IT DEVELOPER BOOTCAMP (PT SCU)\FIX UI\applemusic-tim1\default-project-main\src\06.WebAPI\Program.cs:line 221
2025-10-15 01:58:01.210 +07:00 [INF] Starting  AppleMusic API {"Application":"AppleMusicAPI"}
2025-10-15 01:58:03.042 +07:00 [INF] 🗄️ Starting database migration for 1 DbContext(s)... {"SourceContext":"Program","Application":"AppleMusicAPI"}
2025-10-15 01:58:03.325 +07:00 [INF] 🔄 Processing AppleMusicDbContext... {"SourceContext":"Program","Application":"AppleMusicAPI"}
2025-10-15 01:58:05.347 +07:00 [WRN] Sensitive data logging is enabled. Log entries and exception messages may include sensitive application data; this mode should only be enabled during development. {"EventId":{"Id":10400,"Name":"Microsoft.EntityFrameworkCore.Infrastructure.SensitiveDataLoggingEnabledWarning"},"SourceContext":"Microsoft.EntityFrameworkCore.Model.Validation","Application":"AppleMusicAPI"}
2025-10-15 01:58:07.527 +07:00 [ERR] ❌ Cannot connect to database for AppleMusicDbContext {"SourceContext":"Program","Application":"AppleMusicAPI"}
2025-10-15 01:58:07.534 +07:00 [INF] ━━━━━━━━━━━━━━━━━━━━━━━━━━━━━━━━━━━━━━━━ {"SourceContext":"Program","Application":"AppleMusicAPI"}
2025-10-15 01:58:07.627 +07:00 [INF] 📊 MIGRATION SUMMARY {"SourceContext":"Program","Application":"AppleMusicAPI"}
2025-10-15 01:58:07.678 +07:00 [INF] ━━━━━━━━━━━━━━━━━━━━━━━━━━━━━━━━━━━━━━━━ {"SourceContext":"Program","Application":"AppleMusicAPI"}
2025-10-15 01:58:08.023 +07:00 [INF] Total DbContexts found: 1 {"SourceContext":"Program","Application":"AppleMusicAPI"}
2025-10-15 01:58:08.039 +07:00 [INF] ✅ Migrated: 0 () {"SourceContext":"Program","Application":"AppleMusicAPI"}
2025-10-15 01:58:08.089 +07:00 [INF] ✅ Up to date: 0 () {"SourceContext":"Program","Application":"AppleMusicAPI"}
2025-10-15 01:58:08.125 +07:00 [INF] ⚠️ Skipped: 0 () {"SourceContext":"Program","Application":"AppleMusicAPI"}
2025-10-15 01:58:09.961 +07:00 [INF] ❌ Errors: 1 {"SourceContext":"Program","Application":"AppleMusicAPI"}
2025-10-15 01:58:11.490 +07:00 [INF] 📈 Total migrations applied: 0 {"SourceContext":"Program","Application":"AppleMusicAPI"}
2025-10-15 01:58:12.541 +07:00 [WRN] ⚠️ Migration completed with 1 error(s): {"SourceContext":"Program","Application":"AppleMusicAPI"}
2025-10-15 01:58:12.610 +07:00 [WRN]   → AppleMusicDbContext: Cannot connect to database {"SourceContext":"Program","Application":"AppleMusicAPI"}
2025-10-15 01:58:12.626 +07:00 [INF] ━━━━━━━━━━━━━━━━━━━━━━━━━━━━━━━━━━━━━━━━ {"SourceContext":"Program","Application":"AppleMusicAPI"}
2025-10-15 01:58:13.122 +07:00 [INF] Ensuring database is created... {"Application":"AppleMusicAPI"}
2025-10-15 01:58:21.125 +07:00 [INF] Database ready with Identity tables and default roles {"Application":"AppleMusicAPI"}
2025-10-15 01:58:21.179 +07:00 [INF] Application started successfully with Authentication & Authorization {"Application":"AppleMusicAPI"}
2025-10-15 01:59:19.537 +07:00 [WRN] Failed to determine the https port for redirect. {"EventId":{"Id":3,"Name":"FailedToDeterminePort"},"SourceContext":"Microsoft.AspNetCore.HttpsPolicy.HttpsRedirectionMiddleware","RequestId":"0HNGBAEOCNO5O:00000001","RequestPath":"/api/Auth/register","ConnectionId":"0HNGBAEOCNO5O","CorrelationId":"f4a6dae8","Application":"AppleMusicAPI"}
2025-10-15 01:59:20.296 +07:00 [INF] User registration attempt for email: string@example.com {"SourceContext":"MyApp.WebAPI.Services.AuthenticationService","ActionId":"ef1eb400-6f1b-496a-a5cc-e217c9d41726","ActionName":"MyApp.WebAPI.Controllers.AuthController.Register (MyApp.WebAPI)","RequestId":"0HNGBAEOCNO5O:00000001","RequestPath":"/api/Auth/register","ConnectionId":"0HNGBAEOCNO5O","CorrelationId":"f4a6dae8","Application":"AppleMusicAPI"}
2025-10-15 01:59:22.338 +07:00 [WRN] User registration failed for string@example.com: Username 'string aku' is invalid, can only contain letters or digits. {"SourceContext":"MyApp.WebAPI.Services.AuthenticationService","ActionId":"ef1eb400-6f1b-496a-a5cc-e217c9d41726","ActionName":"MyApp.WebAPI.Controllers.AuthController.Register (MyApp.WebAPI)","RequestId":"0HNGBAEOCNO5O:00000001","RequestPath":"/api/Auth/register","ConnectionId":"0HNGBAEOCNO5O","CorrelationId":"f4a6dae8","Application":"AppleMusicAPI"}
2025-10-15 01:59:22.599 +07:00 [ERR] An unhandled exception occurred {"SourceContext":"MyApp.WebAPI.Middleware.GlobalExceptionHandlingMiddleware","RequestId":"0HNGBAEOCNO5O:00000001","RequestPath":"/api/Auth/register","ConnectionId":"0HNGBAEOCNO5O","CorrelationId":"f4a6dae8","Application":"AppleMusicAPI"}
MyApp.WebAPI.Exceptions.ValidationException: Registration failed: Username 'string aku' is invalid, can only contain letters or digits.
   at MyApp.WebAPI.Services.AuthenticationService.RegisterAsync(RegisterRequestDto request) in E:\Documents\KULIAH S1 TEKNIK INFORMATIKA\IT DEVELOPER BOOTCAMP (PT SCU)\FIX UI\applemusic-tim1\default-project-main\src\06.WebAPI\Services\AuthenticationService.cs:line 85
   at MyApp.WebAPI.Controllers.AuthController.Register(RegisterRequestDto request) in E:\Documents\KULIAH S1 TEKNIK INFORMATIKA\IT DEVELOPER BOOTCAMP (PT SCU)\FIX UI\applemusic-tim1\default-project-main\src\06.WebAPI\Controllers\AuthController.cs:line 49
   at lambda_method150(Closure, Object)
   at Microsoft.AspNetCore.Mvc.Infrastructure.ActionMethodExecutor.AwaitableObjectResultExecutor.Execute(ActionContext actionContext, IActionResultTypeMapper mapper, ObjectMethodExecutor executor, Object controller, Object[] arguments)
   at Microsoft.AspNetCore.Mvc.Infrastructure.ControllerActionInvoker.<InvokeActionMethodAsync>g__Awaited|12_0(ControllerActionInvoker invoker, ValueTask`1 actionResultValueTask)
   at Microsoft.AspNetCore.Mvc.Infrastructure.ControllerActionInvoker.<InvokeNextActionFilterAsync>g__Awaited|10_0(ControllerActionInvoker invoker, Task lastTask, State next, Scope scope, Object state, Boolean isCompleted)
   at Microsoft.AspNetCore.Mvc.Infrastructure.ControllerActionInvoker.Rethrow(ActionExecutedContextSealed context)
   at Microsoft.AspNetCore.Mvc.Infrastructure.ControllerActionInvoker.Next(State& next, Scope& scope, Object& state, Boolean& isCompleted)
   at Microsoft.AspNetCore.Mvc.Infrastructure.ControllerActionInvoker.<InvokeInnerFilterAsync>g__Awaited|13_0(ControllerActionInvoker invoker, Task lastTask, State next, Scope scope, Object state, Boolean isCompleted)
   at Microsoft.AspNetCore.Mvc.Infrastructure.ResourceInvoker.<InvokeFilterPipelineAsync>g__Awaited|20_0(ResourceInvoker invoker, Task lastTask, State next, Scope scope, Object state, Boolean isCompleted)
   at Microsoft.AspNetCore.Mvc.Infrastructure.ResourceInvoker.<InvokeAsync>g__Awaited|17_0(ResourceInvoker invoker, Task task, IDisposable scope)
   at Microsoft.AspNetCore.Mvc.Infrastructure.ResourceInvoker.<InvokeAsync>g__Awaited|17_0(ResourceInvoker invoker, Task task, IDisposable scope)
   at Microsoft.AspNetCore.Authorization.AuthorizationMiddleware.Invoke(HttpContext context)
   at Microsoft.AspNetCore.Authentication.AuthenticationMiddleware.Invoke(HttpContext context)
   at MyApp.WebAPI.Middleware.GlobalExceptionHandlingMiddleware.InvokeAsync(HttpContext context) in E:\Documents\KULIAH S1 TEKNIK INFORMATIKA\IT DEVELOPER BOOTCAMP (PT SCU)\FIX UI\applemusic-tim1\default-project-main\src\06.WebAPI\Middleware\GlobalExceptionHandlingMiddleware.cs:line 51
2025-10-15 01:59:33.719 +07:00 [INF] User registration attempt for email: string@example.com {"SourceContext":"MyApp.WebAPI.Services.AuthenticationService","ActionId":"ef1eb400-6f1b-496a-a5cc-e217c9d41726","ActionName":"MyApp.WebAPI.Controllers.AuthController.Register (MyApp.WebAPI)","RequestId":"0HNGBAEOCNO5P:00000001","RequestPath":"/api/Auth/register","ConnectionId":"0HNGBAEOCNO5P","CorrelationId":"508ecb56","Application":"AppleMusicAPI"}
2025-10-15 01:59:44.165 +07:00 [INF] Email sent successfully to: string@example.com {"SourceContext":"MyApp.WebAPI.Services.EmailService","ActionId":"ef1eb400-6f1b-496a-a5cc-e217c9d41726","ActionName":"MyApp.WebAPI.Controllers.AuthController.Register (MyApp.WebAPI)","RequestId":"0HNGBAEOCNO5P:00000001","RequestPath":"/api/Auth/register","ConnectionId":"0HNGBAEOCNO5P","CorrelationId":"508ecb56","Application":"AppleMusicAPI"}
2025-10-15 01:59:44.234 +07:00 [INF] User registration successful for email: string@example.com {"SourceContext":"MyApp.WebAPI.Services.AuthenticationService","ActionId":"ef1eb400-6f1b-496a-a5cc-e217c9d41726","ActionName":"MyApp.WebAPI.Controllers.AuthController.Register (MyApp.WebAPI)","RequestId":"0HNGBAEOCNO5P:00000001","RequestPath":"/api/Auth/register","ConnectionId":"0HNGBAEOCNO5P","CorrelationId":"508ecb56","Application":"AppleMusicAPI"}
2025-10-15 02:01:46.930 +07:00 [INF] JWT token validated for user: 7 {"CorrelationId":"38551fc0","RequestId":"0HNGBAEOCNO67:00000001","RequestPath":"/api/Auth/profile","ConnectionId":"0HNGBAEOCNO67","Application":"AppleMusicAPI"}
2025-10-15 02:38:38.350 +07:00 [INF] Starting  AppleMusic API {"Application":"AppleMusicAPI"}
2025-10-15 02:38:44.649 +07:00 [INF] 🗄️ Starting database migration for 1 DbContext(s)... {"SourceContext":"Program","Application":"AppleMusicAPI"}
2025-10-15 02:38:47.551 +07:00 [INF] 🔄 Processing AppleMusicDbContext... {"SourceContext":"Program","Application":"AppleMusicAPI"}
2025-10-15 02:38:52.148 +07:00 [WRN] Sensitive data logging is enabled. Log entries and exception messages may include sensitive application data; this mode should only be enabled during development. {"EventId":{"Id":10400,"Name":"Microsoft.EntityFrameworkCore.Infrastructure.SensitiveDataLoggingEnabledWarning"},"SourceContext":"Microsoft.EntityFrameworkCore.Model.Validation","Application":"AppleMusicAPI"}
2025-10-15 02:38:54.462 +07:00 [INF] 📊 AppleMusicDbContext: 0 applied, 2 pending migration(s) {"SourceContext":"Program","Application":"AppleMusicAPI"}
2025-10-15 02:38:54.488 +07:00 [INF] 📋 Applying 2 migration(s) to AppleMusicDbContext: {"SourceContext":"Program","Application":"AppleMusicAPI"}
2025-10-15 02:38:54.803 +07:00 [INF]   → 20251014184314_SecondMigrations {"SourceContext":"Program","Application":"AppleMusicAPI"}
2025-10-15 02:38:56.018 +07:00 [INF]   → 20251014185555_SecondMigrations2 {"SourceContext":"Program","Application":"AppleMusicAPI"}
2025-10-15 02:39:01.143 +07:00 [ERR] ❌ Error migrating AppleMusicDbContext: An error was generated for warning 'Microsoft.EntityFrameworkCore.Migrations.PendingModelChangesWarning': The model for context 'AppleMusicDbContext' changes each time it is built. This is usually caused by dynamic values used in a 'HasData' call (e.g. `new DateTime()`, `Guid.NewGuid()`). Add a new migration and examine its contents to locate the cause, and replace the dynamic call with a static, hardcoded value. See https://aka.ms/efcore-docs-pending-changes. This exception can be suppressed or logged by passing event ID 'RelationalEventId.PendingModelChangesWarning' to the 'ConfigureWarnings' method in 'DbContext.OnConfiguring' or 'AddDbContext'. {"SourceContext":"Program","Application":"AppleMusicAPI"}
System.InvalidOperationException: An error was generated for warning 'Microsoft.EntityFrameworkCore.Migrations.PendingModelChangesWarning': The model for context 'AppleMusicDbContext' changes each time it is built. This is usually caused by dynamic values used in a 'HasData' call (e.g. `new DateTime()`, `Guid.NewGuid()`). Add a new migration and examine its contents to locate the cause, and replace the dynamic call with a static, hardcoded value. See https://aka.ms/efcore-docs-pending-changes. This exception can be suppressed or logged by passing event ID 'RelationalEventId.PendingModelChangesWarning' to the 'ConfigureWarnings' method in 'DbContext.OnConfiguring' or 'AddDbContext'.
   at Microsoft.EntityFrameworkCore.Diagnostics.EventDefinition`1.Log[TLoggerCategory](IDiagnosticsLogger`1 logger, TParam arg)
   at Microsoft.EntityFrameworkCore.Diagnostics.RelationalLoggerExtensions.NonDeterministicModel(IDiagnosticsLogger`1 diagnostics, Type contextType)
   at Microsoft.EntityFrameworkCore.Migrations.Internal.Migrator.ValidateMigrations(Boolean useTransaction, String targetMigration)
   at Microsoft.EntityFrameworkCore.Migrations.Internal.Migrator.MigrateAsync(String targetMigration, CancellationToken cancellationToken)
   at MyApp.WebAPI.Extensions.DatabaseExtensions.MigrateDbContextAsync(IServiceProvider serviceProvider, Type contextType, ILogger logger, MigrationResult result) in E:\Documents\KULIAH S1 TEKNIK INFORMATIKA\IT DEVELOPER BOOTCAMP (PT SCU)\FIX UI\applemusic-tim1\default-project-main\src\06.WebAPI\Extentions\DatabaseExtensions.cs:line 157
2025-10-15 02:39:01.344 +07:00 [INF] ━━━━━━━━━━━━━━━━━━━━━━━━━━━━━━━━━━━━━━━━ {"SourceContext":"Program","Application":"AppleMusicAPI"}
2025-10-15 02:39:01.408 +07:00 [INF] 📊 MIGRATION SUMMARY {"SourceContext":"Program","Application":"AppleMusicAPI"}
2025-10-15 02:39:01.445 +07:00 [INF] ━━━━━━━━━━━━━━━━━━━━━━━━━━━━━━━━━━━━━━━━ {"SourceContext":"Program","Application":"AppleMusicAPI"}
2025-10-15 02:39:01.464 +07:00 [INF] Total DbContexts found: 1 {"SourceContext":"Program","Application":"AppleMusicAPI"}
2025-10-15 02:39:01.471 +07:00 [INF] ✅ Migrated: 0 () {"SourceContext":"Program","Application":"AppleMusicAPI"}
2025-10-15 02:39:02.049 +07:00 [INF] ✅ Up to date: 0 () {"SourceContext":"Program","Application":"AppleMusicAPI"}
2025-10-15 02:39:03.334 +07:00 [INF] ⚠️ Skipped: 0 () {"SourceContext":"Program","Application":"AppleMusicAPI"}
2025-10-15 02:39:04.971 +07:00 [INF] ❌ Errors: 1 {"SourceContext":"Program","Application":"AppleMusicAPI"}
2025-10-15 02:39:05.984 +07:00 [INF] 📈 Total migrations applied: 0 {"SourceContext":"Program","Application":"AppleMusicAPI"}
2025-10-15 02:39:07.368 +07:00 [WRN] ⚠️ Migration completed with 1 error(s): {"SourceContext":"Program","Application":"AppleMusicAPI"}
2025-10-15 02:39:07.756 +07:00 [WRN]   → AppleMusicDbContext: An error was generated for warning 'Microsoft.EntityFrameworkCore.Migrations.PendingModelChangesWarning': The model for context 'AppleMusicDbContext' changes each time it is built. This is usually caused by dynamic values used in a 'HasData' call (e.g. `new DateTime()`, `Guid.NewGuid()`). Add a new migration and examine its contents to locate the cause, and replace the dynamic call with a static, hardcoded value. See https://aka.ms/efcore-docs-pending-changes. This exception can be suppressed or logged by passing event ID 'RelationalEventId.PendingModelChangesWarning' to the 'ConfigureWarnings' method in 'DbContext.OnConfiguring' or 'AddDbContext'. {"SourceContext":"Program","Application":"AppleMusicAPI"}
2025-10-15 02:39:07.803 +07:00 [INF] ━━━━━━━━━━━━━━━━━━━━━━━━━━━━━━━━━━━━━━━━ {"SourceContext":"Program","Application":"AppleMusicAPI"}
2025-10-15 02:39:08.383 +07:00 [INF] Ensuring database is created... {"Application":"AppleMusicAPI"}
2025-10-15 02:39:08.758 +07:00 [INF] Database ready with Identity tables and default roles {"Application":"AppleMusicAPI"}
2025-10-15 02:39:08.760 +07:00 [INF] Application started successfully with Authentication & Authorization {"Application":"AppleMusicAPI"}
2025-10-15 02:39:58.709 +07:00 [WRN] Failed to determine the https port for redirect. {"EventId":{"Id":3,"Name":"FailedToDeterminePort"},"SourceContext":"Microsoft.AspNetCore.HttpsPolicy.HttpsRedirectionMiddleware","RequestId":"0HNGBB5HAA297:00000001","RequestPath":"/api/Auth/confirm-email","ConnectionId":"0HNGBB5HAA297","CorrelationId":"066238d4","Application":"AppleMusicAPI"}
2025-10-15 02:42:02.884 +07:00 [INF] User registration attempt for email: johndoe@example.com {"SourceContext":"MyApp.WebAPI.Services.AuthenticationService","ActionId":"050b0d35-5cd0-48cd-b886-db9f80dae749","ActionName":"MyApp.WebAPI.Controllers.AuthController.Register (MyApp.WebAPI)","RequestId":"0HNGBB5HAA298:00000001","RequestPath":"/api/Auth/register","ConnectionId":"0HNGBB5HAA298","CorrelationId":"585b566f","Application":"AppleMusicAPI"}
2025-10-15 02:42:04.642 +07:00 [WRN] User registration failed for johndoe@example.com: Username 'John DOe' is invalid, can only contain letters or digits. {"SourceContext":"MyApp.WebAPI.Services.AuthenticationService","ActionId":"050b0d35-5cd0-48cd-b886-db9f80dae749","ActionName":"MyApp.WebAPI.Controllers.AuthController.Register (MyApp.WebAPI)","RequestId":"0HNGBB5HAA298:00000001","RequestPath":"/api/Auth/register","ConnectionId":"0HNGBB5HAA298","CorrelationId":"585b566f","Application":"AppleMusicAPI"}
2025-10-15 02:42:05.528 +07:00 [ERR] An unhandled exception occurred {"SourceContext":"MyApp.WebAPI.Middleware.GlobalExceptionHandlingMiddleware","RequestId":"0HNGBB5HAA298:00000001","RequestPath":"/api/Auth/register","ConnectionId":"0HNGBB5HAA298","CorrelationId":"585b566f","Application":"AppleMusicAPI"}
MyApp.WebAPI.Exceptions.ValidationException: Registration failed: Username 'John DOe' is invalid, can only contain letters or digits.
   at MyApp.WebAPI.Services.AuthenticationService.RegisterAsync(RegisterRequestDto request) in E:\Documents\KULIAH S1 TEKNIK INFORMATIKA\IT DEVELOPER BOOTCAMP (PT SCU)\FIX UI\applemusic-tim1\default-project-main\src\06.WebAPI\Services\AuthenticationService.cs:line 85
   at MyApp.WebAPI.Controllers.AuthController.Register(RegisterRequestDto request) in E:\Documents\KULIAH S1 TEKNIK INFORMATIKA\IT DEVELOPER BOOTCAMP (PT SCU)\FIX UI\applemusic-tim1\default-project-main\src\06.WebAPI\Controllers\AuthController.cs:line 57
   at lambda_method510(Closure, Object)
   at Microsoft.AspNetCore.Mvc.Infrastructure.ActionMethodExecutor.AwaitableObjectResultExecutor.Execute(ActionContext actionContext, IActionResultTypeMapper mapper, ObjectMethodExecutor executor, Object controller, Object[] arguments)
   at Microsoft.AspNetCore.Mvc.Infrastructure.ControllerActionInvoker.<InvokeActionMethodAsync>g__Awaited|12_0(ControllerActionInvoker invoker, ValueTask`1 actionResultValueTask)
   at Microsoft.AspNetCore.Mvc.Infrastructure.ControllerActionInvoker.<InvokeNextActionFilterAsync>g__Awaited|10_0(ControllerActionInvoker invoker, Task lastTask, State next, Scope scope, Object state, Boolean isCompleted)
   at Microsoft.AspNetCore.Mvc.Infrastructure.ControllerActionInvoker.Rethrow(ActionExecutedContextSealed context)
   at Microsoft.AspNetCore.Mvc.Infrastructure.ControllerActionInvoker.Next(State& next, Scope& scope, Object& state, Boolean& isCompleted)
   at Microsoft.AspNetCore.Mvc.Infrastructure.ControllerActionInvoker.<InvokeInnerFilterAsync>g__Awaited|13_0(ControllerActionInvoker invoker, Task lastTask, State next, Scope scope, Object state, Boolean isCompleted)
   at Microsoft.AspNetCore.Mvc.Infrastructure.ResourceInvoker.<InvokeFilterPipelineAsync>g__Awaited|20_0(ResourceInvoker invoker, Task lastTask, State next, Scope scope, Object state, Boolean isCompleted)
   at Microsoft.AspNetCore.Mvc.Infrastructure.ResourceInvoker.<InvokeAsync>g__Awaited|17_0(ResourceInvoker invoker, Task task, IDisposable scope)
   at Microsoft.AspNetCore.Mvc.Infrastructure.ResourceInvoker.<InvokeAsync>g__Awaited|17_0(ResourceInvoker invoker, Task task, IDisposable scope)
   at Microsoft.AspNetCore.Authorization.AuthorizationMiddleware.Invoke(HttpContext context)
   at Microsoft.AspNetCore.Authentication.AuthenticationMiddleware.Invoke(HttpContext context)
   at MyApp.WebAPI.Middleware.GlobalExceptionHandlingMiddleware.InvokeAsync(HttpContext context) in E:\Documents\KULIAH S1 TEKNIK INFORMATIKA\IT DEVELOPER BOOTCAMP (PT SCU)\FIX UI\applemusic-tim1\default-project-main\src\06.WebAPI\Middleware\GlobalExceptionHandlingMiddleware.cs:line 51
2025-10-15 02:42:16.605 +07:00 [INF] User registration attempt for email: johndoe@example.com {"SourceContext":"MyApp.WebAPI.Services.AuthenticationService","ActionId":"050b0d35-5cd0-48cd-b886-db9f80dae749","ActionName":"MyApp.WebAPI.Controllers.AuthController.Register (MyApp.WebAPI)","RequestId":"0HNGBB5HAA299:00000001","RequestPath":"/api/Auth/register","ConnectionId":"0HNGBB5HAA299","CorrelationId":"394357d0","Application":"AppleMusicAPI"}
2025-10-15 02:42:27.273 +07:00 [INF] Email sent successfully to: johndoe@example.com {"SourceContext":"MyApp.WebAPI.Services.EmailService","ActionId":"050b0d35-5cd0-48cd-b886-db9f80dae749","ActionName":"MyApp.WebAPI.Controllers.AuthController.Register (MyApp.WebAPI)","RequestId":"0HNGBB5HAA299:00000001","RequestPath":"/api/Auth/register","ConnectionId":"0HNGBB5HAA299","CorrelationId":"394357d0","Application":"AppleMusicAPI"}
2025-10-15 02:42:27.295 +07:00 [INF] User registration successful for email: johndoe@example.com {"SourceContext":"MyApp.WebAPI.Services.AuthenticationService","ActionId":"050b0d35-5cd0-48cd-b886-db9f80dae749","ActionName":"MyApp.WebAPI.Controllers.AuthController.Register (MyApp.WebAPI)","RequestId":"0HNGBB5HAA299:00000001","RequestPath":"/api/Auth/register","ConnectionId":"0HNGBB5HAA299","CorrelationId":"394357d0","Application":"AppleMusicAPI"}
2025-10-15 02:44:34.581 +07:00 [INF] JWT token validated for user: 8 {"CorrelationId":"0c8c8f6e","RequestId":"0HNGBB5HAA29E:00000001","RequestPath":"/api/Auth/confirm-email","ConnectionId":"0HNGBB5HAA29E","Application":"AppleMusicAPI"}
