2025-10-16 15:30:50.073 +07:00 [INF] Starting  AppleMusic API {"Application":"AppleMusicAPI"}
2025-10-16 15:31:02.957 +07:00 [INF] 🗄️ Starting database migration for 1 DbContext(s)... {"SourceContext":"Program","Application":"AppleMusicAPI"}
2025-10-16 15:31:06.773 +07:00 [INF] 🔄 Processing AppleMusicDbContext... {"SourceContext":"Program","Application":"AppleMusicAPI"}
2025-10-16 15:31:17.678 +07:00 [WRN] Sensitive data logging is enabled. Log entries and exception messages may include sensitive application data; this mode should only be enabled during development. {"EventId":{"Id":10400,"Name":"Microsoft.EntityFrameworkCore.Infrastructure.SensitiveDataLoggingEnabledWarning"},"SourceContext":"Microsoft.EntityFrameworkCore.Model.Validation","Application":"AppleMusicAPI"}
2025-10-16 15:31:34.576 +07:00 [INF] 📊 AppleMusicDbContext: 0 applied, 1 pending migration(s) {"SourceContext":"Program","Application":"AppleMusicAPI"}
2025-10-16 15:31:36.277 +07:00 [INF] 📋 Applying 1 migration(s) to AppleMusicDbContext: {"SourceContext":"Program","Application":"AppleMusicAPI"}
2025-10-16 15:31:46.691 +07:00 [INF]   → 20251015121530_SecondMigrations {"SourceContext":"Program","Application":"AppleMusicAPI"}
2025-10-16 15:31:56.660 +07:00 [ERR] ❌ Error migrating AppleMusicDbContext: An error was generated for warning 'Microsoft.EntityFrameworkCore.Migrations.PendingModelChangesWarning': The model for context 'AppleMusicDbContext' changes each time it is built. This is usually caused by dynamic values used in a 'HasData' call (e.g. `new DateTime()`, `Guid.NewGuid()`). Add a new migration and examine its contents to locate the cause, and replace the dynamic call with a static, hardcoded value. See https://aka.ms/efcore-docs-pending-changes. This exception can be suppressed or logged by passing event ID 'RelationalEventId.PendingModelChangesWarning' to the 'ConfigureWarnings' method in 'DbContext.OnConfiguring' or 'AddDbContext'. {"SourceContext":"Program","Application":"AppleMusicAPI"}
System.InvalidOperationException: An error was generated for warning 'Microsoft.EntityFrameworkCore.Migrations.PendingModelChangesWarning': The model for context 'AppleMusicDbContext' changes each time it is built. This is usually caused by dynamic values used in a 'HasData' call (e.g. `new DateTime()`, `Guid.NewGuid()`). Add a new migration and examine its contents to locate the cause, and replace the dynamic call with a static, hardcoded value. See https://aka.ms/efcore-docs-pending-changes. This exception can be suppressed or logged by passing event ID 'RelationalEventId.PendingModelChangesWarning' to the 'ConfigureWarnings' method in 'DbContext.OnConfiguring' or 'AddDbContext'.
   at Microsoft.EntityFrameworkCore.Diagnostics.EventDefinition`1.Log[TLoggerCategory](IDiagnosticsLogger`1 logger, TParam arg)
   at Microsoft.EntityFrameworkCore.Diagnostics.RelationalLoggerExtensions.NonDeterministicModel(IDiagnosticsLogger`1 diagnostics, Type contextType)
   at Microsoft.EntityFrameworkCore.Migrations.Internal.Migrator.ValidateMigrations(Boolean useTransaction, String targetMigration)
   at Microsoft.EntityFrameworkCore.Migrations.Internal.Migrator.MigrateAsync(String targetMigration, CancellationToken cancellationToken)
   at MyApp.WebAPI.Extensions.DatabaseExtensions.MigrateDbContextAsync(IServiceProvider serviceProvider, Type contextType, ILogger logger, MigrationResult result) in E:\Documents\KULIAH S1 TEKNIK INFORMATIKA\IT DEVELOPER BOOTCAMP (PT SCU)\FIX UI\applemusic-tim1\default-project-main\src\06.WebAPI\Extentions\DatabaseExtensions.cs:line 157
2025-10-16 15:32:01.119 +07:00 [INF] ━━━━━━━━━━━━━━━━━━━━━━━━━━━━━━━━━━━━━━━━ {"SourceContext":"Program","Application":"AppleMusicAPI"}
2025-10-16 15:32:01.136 +07:00 [INF] 📊 MIGRATION SUMMARY {"SourceContext":"Program","Application":"AppleMusicAPI"}
2025-10-16 15:32:06.091 +07:00 [INF] ━━━━━━━━━━━━━━━━━━━━━━━━━━━━━━━━━━━━━━━━ {"SourceContext":"Program","Application":"AppleMusicAPI"}
2025-10-16 15:32:08.860 +07:00 [INF] Total DbContexts found: 1 {"SourceContext":"Program","Application":"AppleMusicAPI"}
2025-10-16 15:32:10.203 +07:00 [INF] ✅ Migrated: 0 () {"SourceContext":"Program","Application":"AppleMusicAPI"}
2025-10-16 15:32:10.407 +07:00 [INF] ✅ Up to date: 0 () {"SourceContext":"Program","Application":"AppleMusicAPI"}
2025-10-16 15:32:10.426 +07:00 [INF] ⚠️ Skipped: 0 () {"SourceContext":"Program","Application":"AppleMusicAPI"}
2025-10-16 15:32:10.686 +07:00 [INF] ❌ Errors: 1 {"SourceContext":"Program","Application":"AppleMusicAPI"}
2025-10-16 15:32:10.700 +07:00 [INF] 📈 Total migrations applied: 0 {"SourceContext":"Program","Application":"AppleMusicAPI"}
2025-10-16 15:32:10.707 +07:00 [WRN] ⚠️ Migration completed with 1 error(s): {"SourceContext":"Program","Application":"AppleMusicAPI"}
2025-10-16 15:32:10.717 +07:00 [WRN]   → AppleMusicDbContext: An error was generated for warning 'Microsoft.EntityFrameworkCore.Migrations.PendingModelChangesWarning': The model for context 'AppleMusicDbContext' changes each time it is built. This is usually caused by dynamic values used in a 'HasData' call (e.g. `new DateTime()`, `Guid.NewGuid()`). Add a new migration and examine its contents to locate the cause, and replace the dynamic call with a static, hardcoded value. See https://aka.ms/efcore-docs-pending-changes. This exception can be suppressed or logged by passing event ID 'RelationalEventId.PendingModelChangesWarning' to the 'ConfigureWarnings' method in 'DbContext.OnConfiguring' or 'AddDbContext'. {"SourceContext":"Program","Application":"AppleMusicAPI"}
2025-10-16 15:32:10.724 +07:00 [INF] ━━━━━━━━━━━━━━━━━━━━━━━━━━━━━━━━━━━━━━━━ {"SourceContext":"Program","Application":"AppleMusicAPI"}
2025-10-16 15:32:11.402 +07:00 [INF] Ensuring database is created... {"Application":"AppleMusicAPI"}
2025-10-16 15:32:16.625 +07:00 [INF] Database ready with Identity tables and default roles {"Application":"AppleMusicAPI"}
2025-10-16 15:32:16.658 +07:00 [INF] Application started successfully with Authentication & Authorization {"Application":"AppleMusicAPI"}
2025-10-16 15:34:58.394 +07:00 [WRN] Failed to determine the https port for redirect. {"EventId":{"Id":3,"Name":"FailedToDeterminePort"},"SourceContext":"Microsoft.AspNetCore.HttpsPolicy.HttpsRedirectionMiddleware","RequestId":"0HNGCHRBNDL4V:00000001","RequestPath":"/api/Auth/register","ConnectionId":"0HNGCHRBNDL4V","CorrelationId":"99cf576d","Application":"AppleMusicAPI"}
2025-10-16 15:35:12.847 +07:00 [INF] User registration attempt for email: stringg@example.com {"SourceContext":"MyApp.WebAPI.Services.AuthenticationService","ActionId":"ff9f60f9-6d21-46d8-8394-44eecd93a136","ActionName":"MyApp.WebAPI.Controllers.AuthController.Register (MyApp.WebAPI)","RequestId":"0HNGCHRBNDL4V:00000001","RequestPath":"/api/Auth/register","ConnectionId":"0HNGCHRBNDL4V","CorrelationId":"99cf576d","Application":"AppleMusicAPI"}
2025-10-16 15:35:42.396 +07:00 [WRN] User registration failed for stringg@example.com: Username 'string' is already taken. {"SourceContext":"MyApp.WebAPI.Services.AuthenticationService","ActionId":"ff9f60f9-6d21-46d8-8394-44eecd93a136","ActionName":"MyApp.WebAPI.Controllers.AuthController.Register (MyApp.WebAPI)","RequestId":"0HNGCHRBNDL4V:00000001","RequestPath":"/api/Auth/register","ConnectionId":"0HNGCHRBNDL4V","CorrelationId":"99cf576d","Application":"AppleMusicAPI"}
2025-10-16 15:35:43.387 +07:00 [ERR] An unhandled exception occurred {"SourceContext":"MyApp.WebAPI.Middleware.GlobalExceptionHandlingMiddleware","RequestId":"0HNGCHRBNDL4V:00000001","RequestPath":"/api/Auth/register","ConnectionId":"0HNGCHRBNDL4V","CorrelationId":"99cf576d","Application":"AppleMusicAPI"}
MyApp.WebAPI.Exceptions.ValidationException: Registration failed: Username 'string' is already taken.
   at MyApp.WebAPI.Services.AuthenticationService.RegisterAsync(RegisterRequestDto request) in E:\Documents\KULIAH S1 TEKNIK INFORMATIKA\IT DEVELOPER BOOTCAMP (PT SCU)\FIX UI\applemusic-tim1\default-project-main\src\06.WebAPI\Services\AuthenticationService.cs:line 85
   at MyApp.WebAPI.Controllers.AuthController.Register(RegisterRequestDto request) in E:\Documents\KULIAH S1 TEKNIK INFORMATIKA\IT DEVELOPER BOOTCAMP (PT SCU)\FIX UI\applemusic-tim1\default-project-main\src\06.WebAPI\Controllers\AuthController.cs:line 57
   at lambda_method298(Closure, Object)
   at Microsoft.AspNetCore.Mvc.Infrastructure.ActionMethodExecutor.AwaitableObjectResultExecutor.Execute(ActionContext actionContext, IActionResultTypeMapper mapper, ObjectMethodExecutor executor, Object controller, Object[] arguments)
   at Microsoft.AspNetCore.Mvc.Infrastructure.ControllerActionInvoker.<InvokeActionMethodAsync>g__Awaited|12_0(ControllerActionInvoker invoker, ValueTask`1 actionResultValueTask)
   at Microsoft.AspNetCore.Mvc.Infrastructure.ControllerActionInvoker.<InvokeNextActionFilterAsync>g__Awaited|10_0(ControllerActionInvoker invoker, Task lastTask, State next, Scope scope, Object state, Boolean isCompleted)
   at Microsoft.AspNetCore.Mvc.Infrastructure.ControllerActionInvoker.Rethrow(ActionExecutedContextSealed context)
   at Microsoft.AspNetCore.Mvc.Infrastructure.ControllerActionInvoker.Next(State& next, Scope& scope, Object& state, Boolean& isCompleted)
   at Microsoft.AspNetCore.Mvc.Infrastructure.ControllerActionInvoker.<InvokeInnerFilterAsync>g__Awaited|13_0(ControllerActionInvoker invoker, Task lastTask, State next, Scope scope, Object state, Boolean isCompleted)
   at Microsoft.AspNetCore.Mvc.Infrastructure.ResourceInvoker.<InvokeFilterPipelineAsync>g__Awaited|20_0(ResourceInvoker invoker, Task lastTask, State next, Scope scope, Object state, Boolean isCompleted)
   at Microsoft.AspNetCore.Mvc.Infrastructure.ResourceInvoker.<InvokeAsync>g__Awaited|17_0(ResourceInvoker invoker, Task task, IDisposable scope)
   at Microsoft.AspNetCore.Mvc.Infrastructure.ResourceInvoker.<InvokeAsync>g__Awaited|17_0(ResourceInvoker invoker, Task task, IDisposable scope)
   at Microsoft.AspNetCore.Authorization.AuthorizationMiddleware.Invoke(HttpContext context)
   at Microsoft.AspNetCore.Authentication.AuthenticationMiddleware.Invoke(HttpContext context)
   at MyApp.WebAPI.Middleware.GlobalExceptionHandlingMiddleware.InvokeAsync(HttpContext context) in E:\Documents\KULIAH S1 TEKNIK INFORMATIKA\IT DEVELOPER BOOTCAMP (PT SCU)\FIX UI\applemusic-tim1\default-project-main\src\06.WebAPI\Middleware\GlobalExceptionHandlingMiddleware.cs:line 51
2025-10-16 15:37:39.867 +07:00 [INF] User registration attempt for email: stringg@example.com {"SourceContext":"MyApp.WebAPI.Services.AuthenticationService","ActionId":"ff9f60f9-6d21-46d8-8394-44eecd93a136","ActionName":"MyApp.WebAPI.Controllers.AuthController.Register (MyApp.WebAPI)","RequestId":"0HNGCHRBNDL50:00000001","RequestPath":"/api/Auth/register","ConnectionId":"0HNGCHRBNDL50","CorrelationId":"251ca5fd","Application":"AppleMusicAPI"}
2025-10-16 15:37:51.962 +07:00 [INF] Email sent successfully to: stringg@example.com {"SourceContext":"MyApp.WebAPI.Services.EmailService","ActionId":"ff9f60f9-6d21-46d8-8394-44eecd93a136","ActionName":"MyApp.WebAPI.Controllers.AuthController.Register (MyApp.WebAPI)","RequestId":"0HNGCHRBNDL50:00000001","RequestPath":"/api/Auth/register","ConnectionId":"0HNGCHRBNDL50","CorrelationId":"251ca5fd","Application":"AppleMusicAPI"}
2025-10-16 15:37:51.972 +07:00 [INF] User registration successful for email: stringg@example.com {"SourceContext":"MyApp.WebAPI.Services.AuthenticationService","ActionId":"ff9f60f9-6d21-46d8-8394-44eecd93a136","ActionName":"MyApp.WebAPI.Controllers.AuthController.Register (MyApp.WebAPI)","RequestId":"0HNGCHRBNDL50:00000001","RequestPath":"/api/Auth/register","ConnectionId":"0HNGCHRBNDL50","CorrelationId":"251ca5fd","Application":"AppleMusicAPI"}
2025-10-16 15:39:56.945 +07:00 [INF] JWT token validated for user: 8 {"CorrelationId":"20c9bab3","RequestId":"0HNGCHRBNDL50:00000002","RequestPath":"/api/Auth/confirm-email","ConnectionId":"0HNGCHRBNDL50","Application":"AppleMusicAPI"}
2025-10-16 15:43:37.483 +07:00 [INF] Login attempt for email: stringgg@example.com {"SourceContext":"MyApp.WebAPI.Services.AuthenticationService","ActionId":"1ee6774c-389f-4e87-91ba-9a113a89e22d","ActionName":"MyApp.WebAPI.Controllers.AuthController.Login (MyApp.WebAPI)","RequestId":"0HNGCHRBNDL53:00000001","RequestPath":"/api/Auth/login","ConnectionId":"0HNGCHRBNDL53","CorrelationId":"2afb03b0","Application":"AppleMusicAPI"}
2025-10-16 15:43:37.546 +07:00 [WRN] Login failed: User not found or inactive for email: stringgg@example.com {"SourceContext":"MyApp.WebAPI.Services.AuthenticationService","ActionId":"1ee6774c-389f-4e87-91ba-9a113a89e22d","ActionName":"MyApp.WebAPI.Controllers.AuthController.Login (MyApp.WebAPI)","RequestId":"0HNGCHRBNDL53:00000001","RequestPath":"/api/Auth/login","ConnectionId":"0HNGCHRBNDL53","CorrelationId":"2afb03b0","Application":"AppleMusicAPI"}
2025-10-16 15:43:37.566 +07:00 [ERR] An unhandled exception occurred {"SourceContext":"MyApp.WebAPI.Middleware.GlobalExceptionHandlingMiddleware","RequestId":"0HNGCHRBNDL53:00000001","RequestPath":"/api/Auth/login","ConnectionId":"0HNGCHRBNDL53","CorrelationId":"2afb03b0","Application":"AppleMusicAPI"}
MyApp.WebAPI.Exceptions.ValidationException: Invalid email or password
   at MyApp.WebAPI.Services.AuthenticationService.LoginAsync(LoginRequestDto request) in E:\Documents\KULIAH S1 TEKNIK INFORMATIKA\IT DEVELOPER BOOTCAMP (PT SCU)\FIX UI\applemusic-tim1\default-project-main\src\06.WebAPI\Services\AuthenticationService.cs:line 132
   at MyApp.WebAPI.Controllers.AuthController.Login(LoginRequestDto request) in E:\Documents\KULIAH S1 TEKNIK INFORMATIKA\IT DEVELOPER BOOTCAMP (PT SCU)\FIX UI\applemusic-tim1\default-project-main\src\06.WebAPI\Controllers\AuthController.cs:line 98
   at lambda_method937(Closure, Object)
   at Microsoft.AspNetCore.Mvc.Infrastructure.ActionMethodExecutor.AwaitableObjectResultExecutor.Execute(ActionContext actionContext, IActionResultTypeMapper mapper, ObjectMethodExecutor executor, Object controller, Object[] arguments)
   at Microsoft.AspNetCore.Mvc.Infrastructure.ControllerActionInvoker.<InvokeActionMethodAsync>g__Awaited|12_0(ControllerActionInvoker invoker, ValueTask`1 actionResultValueTask)
   at Microsoft.AspNetCore.Mvc.Infrastructure.ControllerActionInvoker.<InvokeNextActionFilterAsync>g__Awaited|10_0(ControllerActionInvoker invoker, Task lastTask, State next, Scope scope, Object state, Boolean isCompleted)
   at Microsoft.AspNetCore.Mvc.Infrastructure.ControllerActionInvoker.Rethrow(ActionExecutedContextSealed context)
   at Microsoft.AspNetCore.Mvc.Infrastructure.ControllerActionInvoker.Next(State& next, Scope& scope, Object& state, Boolean& isCompleted)
   at Microsoft.AspNetCore.Mvc.Infrastructure.ControllerActionInvoker.<InvokeInnerFilterAsync>g__Awaited|13_0(ControllerActionInvoker invoker, Task lastTask, State next, Scope scope, Object state, Boolean isCompleted)
   at Microsoft.AspNetCore.Mvc.Infrastructure.ResourceInvoker.<InvokeFilterPipelineAsync>g__Awaited|20_0(ResourceInvoker invoker, Task lastTask, State next, Scope scope, Object state, Boolean isCompleted)
   at Microsoft.AspNetCore.Mvc.Infrastructure.ResourceInvoker.<InvokeAsync>g__Awaited|17_0(ResourceInvoker invoker, Task task, IDisposable scope)
   at Microsoft.AspNetCore.Mvc.Infrastructure.ResourceInvoker.<InvokeAsync>g__Awaited|17_0(ResourceInvoker invoker, Task task, IDisposable scope)
   at Microsoft.AspNetCore.Authorization.AuthorizationMiddleware.Invoke(HttpContext context)
   at Microsoft.AspNetCore.Authentication.AuthenticationMiddleware.Invoke(HttpContext context)
   at MyApp.WebAPI.Middleware.GlobalExceptionHandlingMiddleware.InvokeAsync(HttpContext context) in E:\Documents\KULIAH S1 TEKNIK INFORMATIKA\IT DEVELOPER BOOTCAMP (PT SCU)\FIX UI\applemusic-tim1\default-project-main\src\06.WebAPI\Middleware\GlobalExceptionHandlingMiddleware.cs:line 51
2025-10-16 15:43:52.267 +07:00 [INF] Login attempt for email: stringg@example.com {"SourceContext":"MyApp.WebAPI.Services.AuthenticationService","ActionId":"1ee6774c-389f-4e87-91ba-9a113a89e22d","ActionName":"MyApp.WebAPI.Controllers.AuthController.Login (MyApp.WebAPI)","RequestId":"0HNGCHRBNDL53:00000002","RequestPath":"/api/Auth/login","ConnectionId":"0HNGCHRBNDL53","CorrelationId":"84b304e0","Application":"AppleMusicAPI"}
2025-10-16 15:43:52.649 +07:00 [INF] Login successful for email: stringg@example.com {"SourceContext":"MyApp.WebAPI.Services.AuthenticationService","ActionId":"1ee6774c-389f-4e87-91ba-9a113a89e22d","ActionName":"MyApp.WebAPI.Controllers.AuthController.Login (MyApp.WebAPI)","RequestId":"0HNGCHRBNDL53:00000002","RequestPath":"/api/Auth/login","ConnectionId":"0HNGCHRBNDL53","CorrelationId":"84b304e0","Application":"AppleMusicAPI"}
2025-10-16 15:44:20.774 +07:00 [INF] Forgot password requested for email: stringg@example.com {"SourceContext":"MyApp.WebAPI.Services.AuthenticationService","ActionId":"71ecea32-7726-4090-a346-c79aa00e3fbf","ActionName":"MyApp.WebAPI.Controllers.AuthController.ForgotPassword (MyApp.WebAPI)","RequestId":"0HNGCHRBNDL53:00000003","RequestPath":"/api/Auth/forgot-password","ConnectionId":"0HNGCHRBNDL53","CorrelationId":"1531e21e","Application":"AppleMusicAPI"}
2025-10-16 15:44:24.377 +07:00 [INF] Email sent successfully to: stringg@example.com {"SourceContext":"MyApp.WebAPI.Services.EmailService","ActionId":"71ecea32-7726-4090-a346-c79aa00e3fbf","ActionName":"MyApp.WebAPI.Controllers.AuthController.ForgotPassword (MyApp.WebAPI)","RequestId":"0HNGCHRBNDL53:00000003","RequestPath":"/api/Auth/forgot-password","ConnectionId":"0HNGCHRBNDL53","CorrelationId":"1531e21e","Application":"AppleMusicAPI"}
2025-10-16 15:44:24.430 +07:00 [INF] Password reset email sent to stringg@example.com {"SourceContext":"MyApp.WebAPI.Services.AuthenticationService","ActionId":"71ecea32-7726-4090-a346-c79aa00e3fbf","ActionName":"MyApp.WebAPI.Controllers.AuthController.ForgotPassword (MyApp.WebAPI)","RequestId":"0HNGCHRBNDL53:00000003","RequestPath":"/api/Auth/forgot-password","ConnectionId":"0HNGCHRBNDL53","CorrelationId":"1531e21e","Application":"AppleMusicAPI"}
2025-10-16 15:45:23.687 +07:00 [INF] Reset password attempt for email: stringg@example.com {"SourceContext":"MyApp.WebAPI.Services.AuthenticationService","ActionId":"1ca085e5-30bf-45b3-a916-7429cdde8481","ActionName":"MyApp.WebAPI.Controllers.AuthController.ResetPassword (MyApp.WebAPI)","RequestId":"0HNGCHRBNDL53:00000004","RequestPath":"/api/Auth/reset-password","ConnectionId":"0HNGCHRBNDL53","CorrelationId":"43c64582","Application":"AppleMusicAPI"}
2025-10-16 15:45:23.744 +07:00 [WRN] Password reset failed for stringg@example.com: Invalid token. {"SourceContext":"MyApp.WebAPI.Services.AuthenticationService","ActionId":"1ca085e5-30bf-45b3-a916-7429cdde8481","ActionName":"MyApp.WebAPI.Controllers.AuthController.ResetPassword (MyApp.WebAPI)","RequestId":"0HNGCHRBNDL53:00000004","RequestPath":"/api/Auth/reset-password","ConnectionId":"0HNGCHRBNDL53","CorrelationId":"43c64582","Application":"AppleMusicAPI"}
2025-10-16 15:45:23.760 +07:00 [ERR] An unhandled exception occurred {"SourceContext":"MyApp.WebAPI.Middleware.GlobalExceptionHandlingMiddleware","RequestId":"0HNGCHRBNDL53:00000004","RequestPath":"/api/Auth/reset-password","ConnectionId":"0HNGCHRBNDL53","CorrelationId":"43c64582","Application":"AppleMusicAPI"}
MyApp.WebAPI.Exceptions.ValidationException: Password reset failed: Invalid token.
   at MyApp.WebAPI.Services.AuthenticationService.ResetPasswordAsync(ResetPasswordRequestDto request) in E:\Documents\KULIAH S1 TEKNIK INFORMATIKA\IT DEVELOPER BOOTCAMP (PT SCU)\FIX UI\applemusic-tim1\default-project-main\src\06.WebAPI\Services\AuthenticationService.cs:line 321
   at MyApp.WebAPI.Controllers.AuthController.ResetPassword(ResetPasswordRequestDto request) in E:\Documents\KULIAH S1 TEKNIK INFORMATIKA\IT DEVELOPER BOOTCAMP (PT SCU)\FIX UI\applemusic-tim1\default-project-main\src\06.WebAPI\Controllers\AuthController.cs:line 195
   at Microsoft.AspNetCore.Mvc.Infrastructure.ActionMethodExecutor.TaskOfIActionResultExecutor.Execute(ActionContext actionContext, IActionResultTypeMapper mapper, ObjectMethodExecutor executor, Object controller, Object[] arguments)
   at Microsoft.AspNetCore.Mvc.Infrastructure.ControllerActionInvoker.<InvokeActionMethodAsync>g__Awaited|12_0(ControllerActionInvoker invoker, ValueTask`1 actionResultValueTask)
   at Microsoft.AspNetCore.Mvc.Infrastructure.ControllerActionInvoker.<InvokeNextActionFilterAsync>g__Awaited|10_0(ControllerActionInvoker invoker, Task lastTask, State next, Scope scope, Object state, Boolean isCompleted)
   at Microsoft.AspNetCore.Mvc.Infrastructure.ControllerActionInvoker.Rethrow(ActionExecutedContextSealed context)
   at Microsoft.AspNetCore.Mvc.Infrastructure.ControllerActionInvoker.Next(State& next, Scope& scope, Object& state, Boolean& isCompleted)
   at Microsoft.AspNetCore.Mvc.Infrastructure.ControllerActionInvoker.<InvokeInnerFilterAsync>g__Awaited|13_0(ControllerActionInvoker invoker, Task lastTask, State next, Scope scope, Object state, Boolean isCompleted)
   at Microsoft.AspNetCore.Mvc.Infrastructure.ResourceInvoker.<InvokeFilterPipelineAsync>g__Awaited|20_0(ResourceInvoker invoker, Task lastTask, State next, Scope scope, Object state, Boolean isCompleted)
   at Microsoft.AspNetCore.Mvc.Infrastructure.ResourceInvoker.<InvokeAsync>g__Awaited|17_0(ResourceInvoker invoker, Task task, IDisposable scope)
   at Microsoft.AspNetCore.Mvc.Infrastructure.ResourceInvoker.<InvokeAsync>g__Awaited|17_0(ResourceInvoker invoker, Task task, IDisposable scope)
   at Microsoft.AspNetCore.Authorization.AuthorizationMiddleware.Invoke(HttpContext context)
   at Microsoft.AspNetCore.Authentication.AuthenticationMiddleware.Invoke(HttpContext context)
   at MyApp.WebAPI.Middleware.GlobalExceptionHandlingMiddleware.InvokeAsync(HttpContext context) in E:\Documents\KULIAH S1 TEKNIK INFORMATIKA\IT DEVELOPER BOOTCAMP (PT SCU)\FIX UI\applemusic-tim1\default-project-main\src\06.WebAPI\Middleware\GlobalExceptionHandlingMiddleware.cs:line 51
2025-10-16 15:45:49.921 +07:00 [INF] Reset password attempt for email: stringg@example.com {"SourceContext":"MyApp.WebAPI.Services.AuthenticationService","ActionId":"1ca085e5-30bf-45b3-a916-7429cdde8481","ActionName":"MyApp.WebAPI.Controllers.AuthController.ResetPassword (MyApp.WebAPI)","RequestId":"0HNGCHRBNDL53:00000005","RequestPath":"/api/Auth/reset-password","ConnectionId":"0HNGCHRBNDL53","CorrelationId":"88689eec","Application":"AppleMusicAPI"}
2025-10-16 15:45:49.960 +07:00 [WRN] Password reset failed for stringg@example.com: Invalid token. {"SourceContext":"MyApp.WebAPI.Services.AuthenticationService","ActionId":"1ca085e5-30bf-45b3-a916-7429cdde8481","ActionName":"MyApp.WebAPI.Controllers.AuthController.ResetPassword (MyApp.WebAPI)","RequestId":"0HNGCHRBNDL53:00000005","RequestPath":"/api/Auth/reset-password","ConnectionId":"0HNGCHRBNDL53","CorrelationId":"88689eec","Application":"AppleMusicAPI"}
2025-10-16 15:45:49.988 +07:00 [ERR] An unhandled exception occurred {"SourceContext":"MyApp.WebAPI.Middleware.GlobalExceptionHandlingMiddleware","RequestId":"0HNGCHRBNDL53:00000005","RequestPath":"/api/Auth/reset-password","ConnectionId":"0HNGCHRBNDL53","CorrelationId":"88689eec","Application":"AppleMusicAPI"}
MyApp.WebAPI.Exceptions.ValidationException: Password reset failed: Invalid token.
   at MyApp.WebAPI.Services.AuthenticationService.ResetPasswordAsync(ResetPasswordRequestDto request) in E:\Documents\KULIAH S1 TEKNIK INFORMATIKA\IT DEVELOPER BOOTCAMP (PT SCU)\FIX UI\applemusic-tim1\default-project-main\src\06.WebAPI\Services\AuthenticationService.cs:line 321
   at MyApp.WebAPI.Controllers.AuthController.ResetPassword(ResetPasswordRequestDto request) in E:\Documents\KULIAH S1 TEKNIK INFORMATIKA\IT DEVELOPER BOOTCAMP (PT SCU)\FIX UI\applemusic-tim1\default-project-main\src\06.WebAPI\Controllers\AuthController.cs:line 195
   at Microsoft.AspNetCore.Mvc.Infrastructure.ActionMethodExecutor.TaskOfIActionResultExecutor.Execute(ActionContext actionContext, IActionResultTypeMapper mapper, ObjectMethodExecutor executor, Object controller, Object[] arguments)
   at Microsoft.AspNetCore.Mvc.Infrastructure.ControllerActionInvoker.<InvokeActionMethodAsync>g__Awaited|12_0(ControllerActionInvoker invoker, ValueTask`1 actionResultValueTask)
   at Microsoft.AspNetCore.Mvc.Infrastructure.ControllerActionInvoker.<InvokeNextActionFilterAsync>g__Awaited|10_0(ControllerActionInvoker invoker, Task lastTask, State next, Scope scope, Object state, Boolean isCompleted)
   at Microsoft.AspNetCore.Mvc.Infrastructure.ControllerActionInvoker.Rethrow(ActionExecutedContextSealed context)
   at Microsoft.AspNetCore.Mvc.Infrastructure.ControllerActionInvoker.Next(State& next, Scope& scope, Object& state, Boolean& isCompleted)
   at Microsoft.AspNetCore.Mvc.Infrastructure.ControllerActionInvoker.<InvokeInnerFilterAsync>g__Awaited|13_0(ControllerActionInvoker invoker, Task lastTask, State next, Scope scope, Object state, Boolean isCompleted)
   at Microsoft.AspNetCore.Mvc.Infrastructure.ResourceInvoker.<InvokeFilterPipelineAsync>g__Awaited|20_0(ResourceInvoker invoker, Task lastTask, State next, Scope scope, Object state, Boolean isCompleted)
   at Microsoft.AspNetCore.Mvc.Infrastructure.ResourceInvoker.<InvokeAsync>g__Awaited|17_0(ResourceInvoker invoker, Task task, IDisposable scope)
   at Microsoft.AspNetCore.Mvc.Infrastructure.ResourceInvoker.<InvokeAsync>g__Awaited|17_0(ResourceInvoker invoker, Task task, IDisposable scope)
   at Microsoft.AspNetCore.Authorization.AuthorizationMiddleware.Invoke(HttpContext context)
   at Microsoft.AspNetCore.Authentication.AuthenticationMiddleware.Invoke(HttpContext context)
   at MyApp.WebAPI.Middleware.GlobalExceptionHandlingMiddleware.InvokeAsync(HttpContext context) in E:\Documents\KULIAH S1 TEKNIK INFORMATIKA\IT DEVELOPER BOOTCAMP (PT SCU)\FIX UI\applemusic-tim1\default-project-main\src\06.WebAPI\Middleware\GlobalExceptionHandlingMiddleware.cs:line 51
2025-10-16 15:46:07.353 +07:00 [INF] Reset password attempt for email: stringg@example.com {"SourceContext":"MyApp.WebAPI.Services.AuthenticationService","ActionId":"1ca085e5-30bf-45b3-a916-7429cdde8481","ActionName":"MyApp.WebAPI.Controllers.AuthController.ResetPassword (MyApp.WebAPI)","RequestId":"0HNGCHRBNDL53:00000006","RequestPath":"/api/Auth/reset-password","ConnectionId":"0HNGCHRBNDL53","CorrelationId":"c5c5f378","Application":"AppleMusicAPI"}
2025-10-16 15:46:07.471 +07:00 [WRN] Password reset failed for stringg@example.com: Invalid token. {"SourceContext":"MyApp.WebAPI.Services.AuthenticationService","ActionId":"1ca085e5-30bf-45b3-a916-7429cdde8481","ActionName":"MyApp.WebAPI.Controllers.AuthController.ResetPassword (MyApp.WebAPI)","RequestId":"0HNGCHRBNDL53:00000006","RequestPath":"/api/Auth/reset-password","ConnectionId":"0HNGCHRBNDL53","CorrelationId":"c5c5f378","Application":"AppleMusicAPI"}
2025-10-16 15:46:07.563 +07:00 [ERR] An unhandled exception occurred {"SourceContext":"MyApp.WebAPI.Middleware.GlobalExceptionHandlingMiddleware","RequestId":"0HNGCHRBNDL53:00000006","RequestPath":"/api/Auth/reset-password","ConnectionId":"0HNGCHRBNDL53","CorrelationId":"c5c5f378","Application":"AppleMusicAPI"}
MyApp.WebAPI.Exceptions.ValidationException: Password reset failed: Invalid token.
   at MyApp.WebAPI.Services.AuthenticationService.ResetPasswordAsync(ResetPasswordRequestDto request) in E:\Documents\KULIAH S1 TEKNIK INFORMATIKA\IT DEVELOPER BOOTCAMP (PT SCU)\FIX UI\applemusic-tim1\default-project-main\src\06.WebAPI\Services\AuthenticationService.cs:line 321
   at MyApp.WebAPI.Controllers.AuthController.ResetPassword(ResetPasswordRequestDto request) in E:\Documents\KULIAH S1 TEKNIK INFORMATIKA\IT DEVELOPER BOOTCAMP (PT SCU)\FIX UI\applemusic-tim1\default-project-main\src\06.WebAPI\Controllers\AuthController.cs:line 195
   at Microsoft.AspNetCore.Mvc.Infrastructure.ActionMethodExecutor.TaskOfIActionResultExecutor.Execute(ActionContext actionContext, IActionResultTypeMapper mapper, ObjectMethodExecutor executor, Object controller, Object[] arguments)
   at Microsoft.AspNetCore.Mvc.Infrastructure.ControllerActionInvoker.<InvokeActionMethodAsync>g__Awaited|12_0(ControllerActionInvoker invoker, ValueTask`1 actionResultValueTask)
   at Microsoft.AspNetCore.Mvc.Infrastructure.ControllerActionInvoker.<InvokeNextActionFilterAsync>g__Awaited|10_0(ControllerActionInvoker invoker, Task lastTask, State next, Scope scope, Object state, Boolean isCompleted)
   at Microsoft.AspNetCore.Mvc.Infrastructure.ControllerActionInvoker.Rethrow(ActionExecutedContextSealed context)
   at Microsoft.AspNetCore.Mvc.Infrastructure.ControllerActionInvoker.Next(State& next, Scope& scope, Object& state, Boolean& isCompleted)
   at Microsoft.AspNetCore.Mvc.Infrastructure.ControllerActionInvoker.<InvokeInnerFilterAsync>g__Awaited|13_0(ControllerActionInvoker invoker, Task lastTask, State next, Scope scope, Object state, Boolean isCompleted)
   at Microsoft.AspNetCore.Mvc.Infrastructure.ResourceInvoker.<InvokeFilterPipelineAsync>g__Awaited|20_0(ResourceInvoker invoker, Task lastTask, State next, Scope scope, Object state, Boolean isCompleted)
   at Microsoft.AspNetCore.Mvc.Infrastructure.ResourceInvoker.<InvokeAsync>g__Awaited|17_0(ResourceInvoker invoker, Task task, IDisposable scope)
   at Microsoft.AspNetCore.Mvc.Infrastructure.ResourceInvoker.<InvokeAsync>g__Awaited|17_0(ResourceInvoker invoker, Task task, IDisposable scope)
   at Microsoft.AspNetCore.Authorization.AuthorizationMiddleware.Invoke(HttpContext context)
   at Microsoft.AspNetCore.Authentication.AuthenticationMiddleware.Invoke(HttpContext context)
   at MyApp.WebAPI.Middleware.GlobalExceptionHandlingMiddleware.InvokeAsync(HttpContext context) in E:\Documents\KULIAH S1 TEKNIK INFORMATIKA\IT DEVELOPER BOOTCAMP (PT SCU)\FIX UI\applemusic-tim1\default-project-main\src\06.WebAPI\Middleware\GlobalExceptionHandlingMiddleware.cs:line 51
2025-10-16 16:00:38.826 +07:00 [INF] Starting  AppleMusic API {"Application":"AppleMusicAPI"}
2025-10-16 16:00:43.475 +07:00 [INF] 🗄️ Starting database migration for 1 DbContext(s)... {"SourceContext":"Program","Application":"AppleMusicAPI"}
2025-10-16 16:00:45.095 +07:00 [INF] 🔄 Processing AppleMusicDbContext... {"SourceContext":"Program","Application":"AppleMusicAPI"}
2025-10-16 16:00:49.005 +07:00 [WRN] Sensitive data logging is enabled. Log entries and exception messages may include sensitive application data; this mode should only be enabled during development. {"EventId":{"Id":10400,"Name":"Microsoft.EntityFrameworkCore.Infrastructure.SensitiveDataLoggingEnabledWarning"},"SourceContext":"Microsoft.EntityFrameworkCore.Model.Validation","Application":"AppleMusicAPI"}
2025-10-16 16:00:52.862 +07:00 [INF] 📊 AppleMusicDbContext: 0 applied, 1 pending migration(s) {"SourceContext":"Program","Application":"AppleMusicAPI"}
2025-10-16 16:00:52.876 +07:00 [INF] 📋 Applying 1 migration(s) to AppleMusicDbContext: {"SourceContext":"Program","Application":"AppleMusicAPI"}
2025-10-16 16:00:53.064 +07:00 [INF]   → 20251015121530_SecondMigrations {"SourceContext":"Program","Application":"AppleMusicAPI"}
2025-10-16 16:00:55.266 +07:00 [ERR] ❌ Error migrating AppleMusicDbContext: An error was generated for warning 'Microsoft.EntityFrameworkCore.Migrations.PendingModelChangesWarning': The model for context 'AppleMusicDbContext' changes each time it is built. This is usually caused by dynamic values used in a 'HasData' call (e.g. `new DateTime()`, `Guid.NewGuid()`). Add a new migration and examine its contents to locate the cause, and replace the dynamic call with a static, hardcoded value. See https://aka.ms/efcore-docs-pending-changes. This exception can be suppressed or logged by passing event ID 'RelationalEventId.PendingModelChangesWarning' to the 'ConfigureWarnings' method in 'DbContext.OnConfiguring' or 'AddDbContext'. {"SourceContext":"Program","Application":"AppleMusicAPI"}
System.InvalidOperationException: An error was generated for warning 'Microsoft.EntityFrameworkCore.Migrations.PendingModelChangesWarning': The model for context 'AppleMusicDbContext' changes each time it is built. This is usually caused by dynamic values used in a 'HasData' call (e.g. `new DateTime()`, `Guid.NewGuid()`). Add a new migration and examine its contents to locate the cause, and replace the dynamic call with a static, hardcoded value. See https://aka.ms/efcore-docs-pending-changes. This exception can be suppressed or logged by passing event ID 'RelationalEventId.PendingModelChangesWarning' to the 'ConfigureWarnings' method in 'DbContext.OnConfiguring' or 'AddDbContext'.
   at Microsoft.EntityFrameworkCore.Diagnostics.EventDefinition`1.Log[TLoggerCategory](IDiagnosticsLogger`1 logger, TParam arg)
   at Microsoft.EntityFrameworkCore.Diagnostics.RelationalLoggerExtensions.NonDeterministicModel(IDiagnosticsLogger`1 diagnostics, Type contextType)
   at Microsoft.EntityFrameworkCore.Migrations.Internal.Migrator.ValidateMigrations(Boolean useTransaction, String targetMigration)
   at Microsoft.EntityFrameworkCore.Migrations.Internal.Migrator.MigrateAsync(String targetMigration, CancellationToken cancellationToken)
   at MyApp.WebAPI.Extensions.DatabaseExtensions.MigrateDbContextAsync(IServiceProvider serviceProvider, Type contextType, ILogger logger, MigrationResult result) in E:\Documents\KULIAH S1 TEKNIK INFORMATIKA\IT DEVELOPER BOOTCAMP (PT SCU)\FIX UI\applemusic-tim1\default-project-main\src\06.WebAPI\Extentions\DatabaseExtensions.cs:line 157
2025-10-16 16:00:55.379 +07:00 [INF] ━━━━━━━━━━━━━━━━━━━━━━━━━━━━━━━━━━━━━━━━ {"SourceContext":"Program","Application":"AppleMusicAPI"}
2025-10-16 16:00:55.391 +07:00 [INF] 📊 MIGRATION SUMMARY {"SourceContext":"Program","Application":"AppleMusicAPI"}
2025-10-16 16:00:55.396 +07:00 [INF] ━━━━━━━━━━━━━━━━━━━━━━━━━━━━━━━━━━━━━━━━ {"SourceContext":"Program","Application":"AppleMusicAPI"}
2025-10-16 16:00:55.577 +07:00 [INF] Total DbContexts found: 1 {"SourceContext":"Program","Application":"AppleMusicAPI"}
2025-10-16 16:00:55.710 +07:00 [INF] ✅ Migrated: 0 () {"SourceContext":"Program","Application":"AppleMusicAPI"}
2025-10-16 16:00:56.775 +07:00 [INF] ✅ Up to date: 0 () {"SourceContext":"Program","Application":"AppleMusicAPI"}
2025-10-16 16:00:57.976 +07:00 [INF] ⚠️ Skipped: 0 () {"SourceContext":"Program","Application":"AppleMusicAPI"}
2025-10-16 16:00:59.157 +07:00 [INF] ❌ Errors: 1 {"SourceContext":"Program","Application":"AppleMusicAPI"}
2025-10-16 16:01:00.249 +07:00 [INF] 📈 Total migrations applied: 0 {"SourceContext":"Program","Application":"AppleMusicAPI"}
2025-10-16 16:01:00.960 +07:00 [WRN] ⚠️ Migration completed with 1 error(s): {"SourceContext":"Program","Application":"AppleMusicAPI"}
2025-10-16 16:01:00.992 +07:00 [WRN]   → AppleMusicDbContext: An error was generated for warning 'Microsoft.EntityFrameworkCore.Migrations.PendingModelChangesWarning': The model for context 'AppleMusicDbContext' changes each time it is built. This is usually caused by dynamic values used in a 'HasData' call (e.g. `new DateTime()`, `Guid.NewGuid()`). Add a new migration and examine its contents to locate the cause, and replace the dynamic call with a static, hardcoded value. See https://aka.ms/efcore-docs-pending-changes. This exception can be suppressed or logged by passing event ID 'RelationalEventId.PendingModelChangesWarning' to the 'ConfigureWarnings' method in 'DbContext.OnConfiguring' or 'AddDbContext'. {"SourceContext":"Program","Application":"AppleMusicAPI"}
2025-10-16 16:01:01.167 +07:00 [INF] ━━━━━━━━━━━━━━━━━━━━━━━━━━━━━━━━━━━━━━━━ {"SourceContext":"Program","Application":"AppleMusicAPI"}
2025-10-16 16:01:01.422 +07:00 [INF] Ensuring database is created... {"Application":"AppleMusicAPI"}
2025-10-16 16:01:01.778 +07:00 [INF] Database ready with Identity tables and default roles {"Application":"AppleMusicAPI"}
2025-10-16 16:01:01.781 +07:00 [INF] Application started successfully with Authentication & Authorization {"Application":"AppleMusicAPI"}
2025-10-16 16:02:04.705 +07:00 [WRN] Failed to determine the https port for redirect. {"EventId":{"Id":3,"Name":"FailedToDeterminePort"},"SourceContext":"Microsoft.AspNetCore.HttpsPolicy.HttpsRedirectionMiddleware","RequestId":"0HNGCIAGNEOV7:00000001","RequestPath":"/api/Auth/forgot-password","ConnectionId":"0HNGCIAGNEOV7","CorrelationId":"16c425f9","Application":"AppleMusicAPI"}
2025-10-16 16:02:05.401 +07:00 [INF] Forgot password requested for email: stringg@example.com {"SourceContext":"MyApp.WebAPI.Services.AuthenticationService","ActionId":"a3e91f76-3b92-424f-8728-aacacd35520d","ActionName":"MyApp.WebAPI.Controllers.AuthController.ForgotPassword (MyApp.WebAPI)","RequestId":"0HNGCIAGNEOV7:00000001","RequestPath":"/api/Auth/forgot-password","ConnectionId":"0HNGCIAGNEOV7","CorrelationId":"16c425f9","Application":"AppleMusicAPI"}
2025-10-16 16:02:09.942 +07:00 [INF] Email sent successfully to: stringg@example.com {"SourceContext":"MyApp.WebAPI.Services.EmailService","ActionId":"a3e91f76-3b92-424f-8728-aacacd35520d","ActionName":"MyApp.WebAPI.Controllers.AuthController.ForgotPassword (MyApp.WebAPI)","RequestId":"0HNGCIAGNEOV7:00000001","RequestPath":"/api/Auth/forgot-password","ConnectionId":"0HNGCIAGNEOV7","CorrelationId":"16c425f9","Application":"AppleMusicAPI"}
2025-10-16 16:02:11.368 +07:00 [INF] Password reset email sent to stringg@example.com {"SourceContext":"MyApp.WebAPI.Services.AuthenticationService","ActionId":"a3e91f76-3b92-424f-8728-aacacd35520d","ActionName":"MyApp.WebAPI.Controllers.AuthController.ForgotPassword (MyApp.WebAPI)","RequestId":"0HNGCIAGNEOV7:00000001","RequestPath":"/api/Auth/forgot-password","ConnectionId":"0HNGCIAGNEOV7","CorrelationId":"16c425f9","Application":"AppleMusicAPI"}
2025-10-16 16:03:23.096 +07:00 [INF] Reset password attempt for email: stringg@example.com {"SourceContext":"MyApp.WebAPI.Services.AuthenticationService","ActionId":"af01a1e8-6255-4547-a920-c3b4f8cfe320","ActionName":"MyApp.WebAPI.Controllers.AuthController.ResetPassword (MyApp.WebAPI)","RequestId":"0HNGCIAGNEOVA:00000001","RequestPath":"/api/Auth/reset-password","ConnectionId":"0HNGCIAGNEOVA","CorrelationId":"b06c1133","Application":"AppleMusicAPI"}
2025-10-16 16:03:23.302 +07:00 [WRN] Invalid or expired token for stringg@example.com {"SourceContext":"MyApp.WebAPI.Services.AuthenticationService","ActionId":"af01a1e8-6255-4547-a920-c3b4f8cfe320","ActionName":"MyApp.WebAPI.Controllers.AuthController.ResetPassword (MyApp.WebAPI)","RequestId":"0HNGCIAGNEOVA:00000001","RequestPath":"/api/Auth/reset-password","ConnectionId":"0HNGCIAGNEOVA","CorrelationId":"b06c1133","Application":"AppleMusicAPI"}
2025-10-16 16:03:23.328 +07:00 [ERR] An unhandled exception occurred {"SourceContext":"MyApp.WebAPI.Middleware.GlobalExceptionHandlingMiddleware","RequestId":"0HNGCIAGNEOVA:00000001","RequestPath":"/api/Auth/reset-password","ConnectionId":"0HNGCIAGNEOVA","CorrelationId":"b06c1133","Application":"AppleMusicAPI"}
MyApp.WebAPI.Exceptions.ValidationException: Invalid or expired reset token.
   at MyApp.WebAPI.Services.AuthenticationService.ResetPasswordAsync(ResetPasswordRequestDto request) in E:\Documents\KULIAH S1 TEKNIK INFORMATIKA\IT DEVELOPER BOOTCAMP (PT SCU)\FIX UI\applemusic-tim1\default-project-main\src\06.WebAPI\Services\AuthenticationService.cs:line 321
   at MyApp.WebAPI.Controllers.AuthController.ResetPassword(ResetPasswordRequestDto request) in E:\Documents\KULIAH S1 TEKNIK INFORMATIKA\IT DEVELOPER BOOTCAMP (PT SCU)\FIX UI\applemusic-tim1\default-project-main\src\06.WebAPI\Controllers\AuthController.cs:line 195
   at Microsoft.AspNetCore.Mvc.Infrastructure.ActionMethodExecutor.TaskOfIActionResultExecutor.Execute(ActionContext actionContext, IActionResultTypeMapper mapper, ObjectMethodExecutor executor, Object controller, Object[] arguments)
   at Microsoft.AspNetCore.Mvc.Infrastructure.ControllerActionInvoker.<InvokeActionMethodAsync>g__Awaited|12_0(ControllerActionInvoker invoker, ValueTask`1 actionResultValueTask)
   at Microsoft.AspNetCore.Mvc.Infrastructure.ControllerActionInvoker.<InvokeNextActionFilterAsync>g__Awaited|10_0(ControllerActionInvoker invoker, Task lastTask, State next, Scope scope, Object state, Boolean isCompleted)
   at Microsoft.AspNetCore.Mvc.Infrastructure.ControllerActionInvoker.Rethrow(ActionExecutedContextSealed context)
   at Microsoft.AspNetCore.Mvc.Infrastructure.ControllerActionInvoker.Next(State& next, Scope& scope, Object& state, Boolean& isCompleted)
   at Microsoft.AspNetCore.Mvc.Infrastructure.ControllerActionInvoker.<InvokeInnerFilterAsync>g__Awaited|13_0(ControllerActionInvoker invoker, Task lastTask, State next, Scope scope, Object state, Boolean isCompleted)
   at Microsoft.AspNetCore.Mvc.Infrastructure.ResourceInvoker.<InvokeFilterPipelineAsync>g__Awaited|20_0(ResourceInvoker invoker, Task lastTask, State next, Scope scope, Object state, Boolean isCompleted)
   at Microsoft.AspNetCore.Mvc.Infrastructure.ResourceInvoker.<InvokeAsync>g__Awaited|17_0(ResourceInvoker invoker, Task task, IDisposable scope)
   at Microsoft.AspNetCore.Mvc.Infrastructure.ResourceInvoker.<InvokeAsync>g__Awaited|17_0(ResourceInvoker invoker, Task task, IDisposable scope)
   at Microsoft.AspNetCore.Authorization.AuthorizationMiddleware.Invoke(HttpContext context)
   at Microsoft.AspNetCore.Authentication.AuthenticationMiddleware.Invoke(HttpContext context)
   at MyApp.WebAPI.Middleware.GlobalExceptionHandlingMiddleware.InvokeAsync(HttpContext context) in E:\Documents\KULIAH S1 TEKNIK INFORMATIKA\IT DEVELOPER BOOTCAMP (PT SCU)\FIX UI\applemusic-tim1\default-project-main\src\06.WebAPI\Middleware\GlobalExceptionHandlingMiddleware.cs:line 51
2025-10-16 16:07:53.956 +07:00 [INF] Starting  AppleMusic API {"Application":"AppleMusicAPI"}
2025-10-16 16:07:56.669 +07:00 [INF] 🗄️ Starting database migration for 1 DbContext(s)... {"SourceContext":"Program","Application":"AppleMusicAPI"}
2025-10-16 16:07:59.464 +07:00 [INF] 🔄 Processing AppleMusicDbContext... {"SourceContext":"Program","Application":"AppleMusicAPI"}
2025-10-16 16:08:11.004 +07:00 [WRN] Sensitive data logging is enabled. Log entries and exception messages may include sensitive application data; this mode should only be enabled during development. {"EventId":{"Id":10400,"Name":"Microsoft.EntityFrameworkCore.Infrastructure.SensitiveDataLoggingEnabledWarning"},"SourceContext":"Microsoft.EntityFrameworkCore.Model.Validation","Application":"AppleMusicAPI"}
2025-10-16 16:08:57.294 +07:00 [INF] 📊 AppleMusicDbContext: 0 applied, 1 pending migration(s) {"SourceContext":"Program","Application":"AppleMusicAPI"}
2025-10-16 16:09:06.886 +07:00 [INF] 📋 Applying 1 migration(s) to AppleMusicDbContext: {"SourceContext":"Program","Application":"AppleMusicAPI"}
2025-10-16 16:09:20.684 +07:00 [INF]   → 20251015121530_SecondMigrations {"SourceContext":"Program","Application":"AppleMusicAPI"}
2025-10-16 16:09:25.580 +07:00 [ERR] ❌ Error migrating AppleMusicDbContext: An error was generated for warning 'Microsoft.EntityFrameworkCore.Migrations.PendingModelChangesWarning': The model for context 'AppleMusicDbContext' changes each time it is built. This is usually caused by dynamic values used in a 'HasData' call (e.g. `new DateTime()`, `Guid.NewGuid()`). Add a new migration and examine its contents to locate the cause, and replace the dynamic call with a static, hardcoded value. See https://aka.ms/efcore-docs-pending-changes. This exception can be suppressed or logged by passing event ID 'RelationalEventId.PendingModelChangesWarning' to the 'ConfigureWarnings' method in 'DbContext.OnConfiguring' or 'AddDbContext'. {"SourceContext":"Program","Application":"AppleMusicAPI"}
System.InvalidOperationException: An error was generated for warning 'Microsoft.EntityFrameworkCore.Migrations.PendingModelChangesWarning': The model for context 'AppleMusicDbContext' changes each time it is built. This is usually caused by dynamic values used in a 'HasData' call (e.g. `new DateTime()`, `Guid.NewGuid()`). Add a new migration and examine its contents to locate the cause, and replace the dynamic call with a static, hardcoded value. See https://aka.ms/efcore-docs-pending-changes. This exception can be suppressed or logged by passing event ID 'RelationalEventId.PendingModelChangesWarning' to the 'ConfigureWarnings' method in 'DbContext.OnConfiguring' or 'AddDbContext'.
   at Microsoft.EntityFrameworkCore.Diagnostics.EventDefinition`1.Log[TLoggerCategory](IDiagnosticsLogger`1 logger, TParam arg)
   at Microsoft.EntityFrameworkCore.Diagnostics.RelationalLoggerExtensions.NonDeterministicModel(IDiagnosticsLogger`1 diagnostics, Type contextType)
   at Microsoft.EntityFrameworkCore.Migrations.Internal.Migrator.ValidateMigrations(Boolean useTransaction, String targetMigration)
   at Microsoft.EntityFrameworkCore.Migrations.Internal.Migrator.MigrateAsync(String targetMigration, CancellationToken cancellationToken)
   at MyApp.WebAPI.Extensions.DatabaseExtensions.MigrateDbContextAsync(IServiceProvider serviceProvider, Type contextType, ILogger logger, MigrationResult result) in E:\Documents\KULIAH S1 TEKNIK INFORMATIKA\IT DEVELOPER BOOTCAMP (PT SCU)\FIX UI\applemusic-tim1\default-project-main\src\06.WebAPI\Extentions\DatabaseExtensions.cs:line 157
2025-10-16 16:09:43.451 +07:00 [INF] ━━━━━━━━━━━━━━━━━━━━━━━━━━━━━━━━━━━━━━━━ {"SourceContext":"Program","Application":"AppleMusicAPI"}
2025-10-16 16:09:44.514 +07:00 [INF] 📊 MIGRATION SUMMARY {"SourceContext":"Program","Application":"AppleMusicAPI"}
2025-10-16 16:09:47.763 +07:00 [INF] ━━━━━━━━━━━━━━━━━━━━━━━━━━━━━━━━━━━━━━━━ {"SourceContext":"Program","Application":"AppleMusicAPI"}
2025-10-16 16:09:51.046 +07:00 [INF] Total DbContexts found: 1 {"SourceContext":"Program","Application":"AppleMusicAPI"}
2025-10-16 16:09:51.091 +07:00 [INF] ✅ Migrated: 0 () {"SourceContext":"Program","Application":"AppleMusicAPI"}
2025-10-16 16:09:51.134 +07:00 [INF] ✅ Up to date: 0 () {"SourceContext":"Program","Application":"AppleMusicAPI"}
2025-10-16 16:09:51.149 +07:00 [INF] ⚠️ Skipped: 0 () {"SourceContext":"Program","Application":"AppleMusicAPI"}
2025-10-16 16:09:51.383 +07:00 [INF] ❌ Errors: 1 {"SourceContext":"Program","Application":"AppleMusicAPI"}
2025-10-16 16:09:53.700 +07:00 [INF] 📈 Total migrations applied: 0 {"SourceContext":"Program","Application":"AppleMusicAPI"}
2025-10-16 16:09:55.457 +07:00 [WRN] ⚠️ Migration completed with 1 error(s): {"SourceContext":"Program","Application":"AppleMusicAPI"}
2025-10-16 16:09:55.464 +07:00 [WRN]   → AppleMusicDbContext: An error was generated for warning 'Microsoft.EntityFrameworkCore.Migrations.PendingModelChangesWarning': The model for context 'AppleMusicDbContext' changes each time it is built. This is usually caused by dynamic values used in a 'HasData' call (e.g. `new DateTime()`, `Guid.NewGuid()`). Add a new migration and examine its contents to locate the cause, and replace the dynamic call with a static, hardcoded value. See https://aka.ms/efcore-docs-pending-changes. This exception can be suppressed or logged by passing event ID 'RelationalEventId.PendingModelChangesWarning' to the 'ConfigureWarnings' method in 'DbContext.OnConfiguring' or 'AddDbContext'. {"SourceContext":"Program","Application":"AppleMusicAPI"}
2025-10-16 16:09:56.200 +07:00 [INF] ━━━━━━━━━━━━━━━━━━━━━━━━━━━━━━━━━━━━━━━━ {"SourceContext":"Program","Application":"AppleMusicAPI"}
2025-10-16 16:09:56.510 +07:00 [INF] Ensuring database is created... {"Application":"AppleMusicAPI"}
2025-10-16 16:09:56.966 +07:00 [INF] Database ready with Identity tables and default roles {"Application":"AppleMusicAPI"}
2025-10-16 16:09:56.980 +07:00 [INF] Application started successfully with Authentication & Authorization {"Application":"AppleMusicAPI"}
2025-10-16 16:10:33.133 +07:00 [WRN] Failed to determine the https port for redirect. {"EventId":{"Id":3,"Name":"FailedToDeterminePort"},"SourceContext":"Microsoft.AspNetCore.HttpsPolicy.HttpsRedirectionMiddleware","RequestId":"0HNGCIF4ACHNP:00000001","RequestPath":"/api/Auth/forgot-password","ConnectionId":"0HNGCIF4ACHNP","CorrelationId":"94f82ad0","Application":"AppleMusicAPI"}
2025-10-16 16:10:33.542 +07:00 [INF] Forgot password requested for email: stringg@example.com {"SourceContext":"MyApp.WebAPI.Services.AuthenticationService","ActionId":"90111c3a-2d88-4f29-b5b0-f0352c9d0825","ActionName":"MyApp.WebAPI.Controllers.AuthController.ForgotPassword (MyApp.WebAPI)","RequestId":"0HNGCIF4ACHNP:00000001","RequestPath":"/api/Auth/forgot-password","ConnectionId":"0HNGCIF4ACHNP","CorrelationId":"94f82ad0","Application":"AppleMusicAPI"}
2025-10-16 16:10:38.696 +07:00 [INF] Email sent successfully to: stringg@example.com {"SourceContext":"MyApp.WebAPI.Services.EmailService","ActionId":"90111c3a-2d88-4f29-b5b0-f0352c9d0825","ActionName":"MyApp.WebAPI.Controllers.AuthController.ForgotPassword (MyApp.WebAPI)","RequestId":"0HNGCIF4ACHNP:00000001","RequestPath":"/api/Auth/forgot-password","ConnectionId":"0HNGCIF4ACHNP","CorrelationId":"94f82ad0","Application":"AppleMusicAPI"}
2025-10-16 16:10:38.812 +07:00 [INF] Password reset email sent to stringg@example.com {"SourceContext":"MyApp.WebAPI.Services.AuthenticationService","ActionId":"90111c3a-2d88-4f29-b5b0-f0352c9d0825","ActionName":"MyApp.WebAPI.Controllers.AuthController.ForgotPassword (MyApp.WebAPI)","RequestId":"0HNGCIF4ACHNP:00000001","RequestPath":"/api/Auth/forgot-password","ConnectionId":"0HNGCIF4ACHNP","CorrelationId":"94f82ad0","Application":"AppleMusicAPI"}
2025-10-16 16:11:31.537 +07:00 [INF] Reset password attempt for email: stringg@example {"SourceContext":"MyApp.WebAPI.Services.AuthenticationService","ActionId":"c82b5d77-79f4-43e9-a23a-d4a1baa843e3","ActionName":"MyApp.WebAPI.Controllers.AuthController.ResetPassword (MyApp.WebAPI)","RequestId":"0HNGCIF4ACHNS:00000001","RequestPath":"/api/Auth/reset-password","ConnectionId":"0HNGCIF4ACHNS","CorrelationId":"9c6620f3","Application":"AppleMusicAPI"}
2025-10-16 16:11:31.592 +07:00 [WRN] Reset password attempt failed: user not found for stringg@example {"SourceContext":"MyApp.WebAPI.Services.AuthenticationService","ActionId":"c82b5d77-79f4-43e9-a23a-d4a1baa843e3","ActionName":"MyApp.WebAPI.Controllers.AuthController.ResetPassword (MyApp.WebAPI)","RequestId":"0HNGCIF4ACHNS:00000001","RequestPath":"/api/Auth/reset-password","ConnectionId":"0HNGCIF4ACHNS","CorrelationId":"9c6620f3","Application":"AppleMusicAPI"}
2025-10-16 16:11:31.774 +07:00 [ERR] An unhandled exception occurred {"SourceContext":"MyApp.WebAPI.Middleware.GlobalExceptionHandlingMiddleware","RequestId":"0HNGCIF4ACHNS:00000001","RequestPath":"/api/Auth/reset-password","ConnectionId":"0HNGCIF4ACHNS","CorrelationId":"9c6620f3","Application":"AppleMusicAPI"}
MyApp.WebAPI.Exceptions.AuthenticationException: Invalid user or token.
   at MyApp.WebAPI.Services.AuthenticationService.ResetPasswordAsync(ResetPasswordRequestDto request) in E:\Documents\KULIAH S1 TEKNIK INFORMATIKA\IT DEVELOPER BOOTCAMP (PT SCU)\FIX UI\applemusic-tim1\default-project-main\src\06.WebAPI\Services\AuthenticationService.cs:line 313
   at MyApp.WebAPI.Controllers.AuthController.ResetPassword(ResetPasswordRequestDto request) in E:\Documents\KULIAH S1 TEKNIK INFORMATIKA\IT DEVELOPER BOOTCAMP (PT SCU)\FIX UI\applemusic-tim1\default-project-main\src\06.WebAPI\Controllers\AuthController.cs:line 195
   at Microsoft.AspNetCore.Mvc.Infrastructure.ActionMethodExecutor.TaskOfIActionResultExecutor.Execute(ActionContext actionContext, IActionResultTypeMapper mapper, ObjectMethodExecutor executor, Object controller, Object[] arguments)
   at Microsoft.AspNetCore.Mvc.Infrastructure.ControllerActionInvoker.<InvokeActionMethodAsync>g__Awaited|12_0(ControllerActionInvoker invoker, ValueTask`1 actionResultValueTask)
   at Microsoft.AspNetCore.Mvc.Infrastructure.ControllerActionInvoker.<InvokeNextActionFilterAsync>g__Awaited|10_0(ControllerActionInvoker invoker, Task lastTask, State next, Scope scope, Object state, Boolean isCompleted)
   at Microsoft.AspNetCore.Mvc.Infrastructure.ControllerActionInvoker.Rethrow(ActionExecutedContextSealed context)
   at Microsoft.AspNetCore.Mvc.Infrastructure.ControllerActionInvoker.Next(State& next, Scope& scope, Object& state, Boolean& isCompleted)
   at Microsoft.AspNetCore.Mvc.Infrastructure.ControllerActionInvoker.<InvokeInnerFilterAsync>g__Awaited|13_0(ControllerActionInvoker invoker, Task lastTask, State next, Scope scope, Object state, Boolean isCompleted)
   at Microsoft.AspNetCore.Mvc.Infrastructure.ResourceInvoker.<InvokeFilterPipelineAsync>g__Awaited|20_0(ResourceInvoker invoker, Task lastTask, State next, Scope scope, Object state, Boolean isCompleted)
   at Microsoft.AspNetCore.Mvc.Infrastructure.ResourceInvoker.<InvokeAsync>g__Awaited|17_0(ResourceInvoker invoker, Task task, IDisposable scope)
   at Microsoft.AspNetCore.Mvc.Infrastructure.ResourceInvoker.<InvokeAsync>g__Awaited|17_0(ResourceInvoker invoker, Task task, IDisposable scope)
   at Microsoft.AspNetCore.Authorization.AuthorizationMiddleware.Invoke(HttpContext context)
   at Microsoft.AspNetCore.Authentication.AuthenticationMiddleware.Invoke(HttpContext context)
   at MyApp.WebAPI.Middleware.GlobalExceptionHandlingMiddleware.InvokeAsync(HttpContext context) in E:\Documents\KULIAH S1 TEKNIK INFORMATIKA\IT DEVELOPER BOOTCAMP (PT SCU)\FIX UI\applemusic-tim1\default-project-main\src\06.WebAPI\Middleware\GlobalExceptionHandlingMiddleware.cs:line 51
2025-10-16 16:12:26.592 +07:00 [INF] Reset password attempt for email: stringg@example.com {"SourceContext":"MyApp.WebAPI.Services.AuthenticationService","ActionId":"c82b5d77-79f4-43e9-a23a-d4a1baa843e3","ActionName":"MyApp.WebAPI.Controllers.AuthController.ResetPassword (MyApp.WebAPI)","RequestId":"0HNGCIF4ACHNT:00000001","RequestPath":"/api/Auth/reset-password","ConnectionId":"0HNGCIF4ACHNT","CorrelationId":"b28dd04f","Application":"AppleMusicAPI"}
2025-10-16 16:12:27.241 +07:00 [WRN] Invalid or expired token for stringg@example.com {"SourceContext":"MyApp.WebAPI.Services.AuthenticationService","ActionId":"c82b5d77-79f4-43e9-a23a-d4a1baa843e3","ActionName":"MyApp.WebAPI.Controllers.AuthController.ResetPassword (MyApp.WebAPI)","RequestId":"0HNGCIF4ACHNT:00000001","RequestPath":"/api/Auth/reset-password","ConnectionId":"0HNGCIF4ACHNT","CorrelationId":"b28dd04f","Application":"AppleMusicAPI"}
2025-10-16 16:12:27.388 +07:00 [ERR] An unhandled exception occurred {"SourceContext":"MyApp.WebAPI.Middleware.GlobalExceptionHandlingMiddleware","RequestId":"0HNGCIF4ACHNT:00000001","RequestPath":"/api/Auth/reset-password","ConnectionId":"0HNGCIF4ACHNT","CorrelationId":"b28dd04f","Application":"AppleMusicAPI"}
MyApp.WebAPI.Exceptions.ValidationException: Invalid or expired reset token.
   at MyApp.WebAPI.Services.AuthenticationService.ResetPasswordAsync(ResetPasswordRequestDto request) in E:\Documents\KULIAH S1 TEKNIK INFORMATIKA\IT DEVELOPER BOOTCAMP (PT SCU)\FIX UI\applemusic-tim1\default-project-main\src\06.WebAPI\Services\AuthenticationService.cs:line 322
   at MyApp.WebAPI.Controllers.AuthController.ResetPassword(ResetPasswordRequestDto request) in E:\Documents\KULIAH S1 TEKNIK INFORMATIKA\IT DEVELOPER BOOTCAMP (PT SCU)\FIX UI\applemusic-tim1\default-project-main\src\06.WebAPI\Controllers\AuthController.cs:line 195
   at Microsoft.AspNetCore.Mvc.Infrastructure.ActionMethodExecutor.TaskOfIActionResultExecutor.Execute(ActionContext actionContext, IActionResultTypeMapper mapper, ObjectMethodExecutor executor, Object controller, Object[] arguments)
   at Microsoft.AspNetCore.Mvc.Infrastructure.ControllerActionInvoker.<InvokeActionMethodAsync>g__Awaited|12_0(ControllerActionInvoker invoker, ValueTask`1 actionResultValueTask)
   at Microsoft.AspNetCore.Mvc.Infrastructure.ControllerActionInvoker.<InvokeNextActionFilterAsync>g__Awaited|10_0(ControllerActionInvoker invoker, Task lastTask, State next, Scope scope, Object state, Boolean isCompleted)
   at Microsoft.AspNetCore.Mvc.Infrastructure.ControllerActionInvoker.Rethrow(ActionExecutedContextSealed context)
   at Microsoft.AspNetCore.Mvc.Infrastructure.ControllerActionInvoker.Next(State& next, Scope& scope, Object& state, Boolean& isCompleted)
   at Microsoft.AspNetCore.Mvc.Infrastructure.ControllerActionInvoker.<InvokeInnerFilterAsync>g__Awaited|13_0(ControllerActionInvoker invoker, Task lastTask, State next, Scope scope, Object state, Boolean isCompleted)
   at Microsoft.AspNetCore.Mvc.Infrastructure.ResourceInvoker.<InvokeFilterPipelineAsync>g__Awaited|20_0(ResourceInvoker invoker, Task lastTask, State next, Scope scope, Object state, Boolean isCompleted)
   at Microsoft.AspNetCore.Mvc.Infrastructure.ResourceInvoker.<InvokeAsync>g__Awaited|17_0(ResourceInvoker invoker, Task task, IDisposable scope)
   at Microsoft.AspNetCore.Mvc.Infrastructure.ResourceInvoker.<InvokeAsync>g__Awaited|17_0(ResourceInvoker invoker, Task task, IDisposable scope)
   at Microsoft.AspNetCore.Authorization.AuthorizationMiddleware.Invoke(HttpContext context)
   at Microsoft.AspNetCore.Authentication.AuthenticationMiddleware.Invoke(HttpContext context)
   at MyApp.WebAPI.Middleware.GlobalExceptionHandlingMiddleware.InvokeAsync(HttpContext context) in E:\Documents\KULIAH S1 TEKNIK INFORMATIKA\IT DEVELOPER BOOTCAMP (PT SCU)\FIX UI\applemusic-tim1\default-project-main\src\06.WebAPI\Middleware\GlobalExceptionHandlingMiddleware.cs:line 51
2025-10-16 16:13:04.238 +07:00 [INF] Reset password attempt for email: stringg@example.com {"SourceContext":"MyApp.WebAPI.Services.AuthenticationService","ActionId":"c82b5d77-79f4-43e9-a23a-d4a1baa843e3","ActionName":"MyApp.WebAPI.Controllers.AuthController.ResetPassword (MyApp.WebAPI)","RequestId":"0HNGCIF4ACHNU:00000001","RequestPath":"/api/Auth/reset-password","ConnectionId":"0HNGCIF4ACHNU","CorrelationId":"9268498f","Application":"AppleMusicAPI"}
2025-10-16 16:13:09.472 +07:00 [INF] Email sent successfully to: stringg@example.com {"SourceContext":"MyApp.WebAPI.Services.EmailService","ActionId":"c82b5d77-79f4-43e9-a23a-d4a1baa843e3","ActionName":"MyApp.WebAPI.Controllers.AuthController.ResetPassword (MyApp.WebAPI)","RequestId":"0HNGCIF4ACHNU:00000001","RequestPath":"/api/Auth/reset-password","ConnectionId":"0HNGCIF4ACHNU","CorrelationId":"9268498f","Application":"AppleMusicAPI"}
2025-10-16 16:13:09.485 +07:00 [INF] Password reset successful for stringg@example.com {"SourceContext":"MyApp.WebAPI.Services.AuthenticationService","ActionId":"c82b5d77-79f4-43e9-a23a-d4a1baa843e3","ActionName":"MyApp.WebAPI.Controllers.AuthController.ResetPassword (MyApp.WebAPI)","RequestId":"0HNGCIF4ACHNU:00000001","RequestPath":"/api/Auth/reset-password","ConnectionId":"0HNGCIF4ACHNU","CorrelationId":"9268498f","Application":"AppleMusicAPI"}
2025-10-16 16:13:27.386 +07:00 [INF] Login attempt for email: stringg@example.com {"SourceContext":"MyApp.WebAPI.Services.AuthenticationService","ActionId":"06af82b0-06a6-41a8-9802-b02f93a0d114","ActionName":"MyApp.WebAPI.Controllers.AuthController.Login (MyApp.WebAPI)","RequestId":"0HNGCIF4ACHNV:00000001","RequestPath":"/api/Auth/login","ConnectionId":"0HNGCIF4ACHNV","CorrelationId":"6f8738f4","Application":"AppleMusicAPI"}
2025-10-16 16:13:28.853 +07:00 [WRN] Login failed for email: stringg@example.com. Reason: Failed {"SourceContext":"MyApp.WebAPI.Services.AuthenticationService","ActionId":"06af82b0-06a6-41a8-9802-b02f93a0d114","ActionName":"MyApp.WebAPI.Controllers.AuthController.Login (MyApp.WebAPI)","RequestId":"0HNGCIF4ACHNV:00000001","RequestPath":"/api/Auth/login","ConnectionId":"0HNGCIF4ACHNV","CorrelationId":"6f8738f4","Application":"AppleMusicAPI"}
2025-10-16 16:13:29.000 +07:00 [ERR] An unhandled exception occurred {"SourceContext":"MyApp.WebAPI.Middleware.GlobalExceptionHandlingMiddleware","RequestId":"0HNGCIF4ACHNV:00000001","RequestPath":"/api/Auth/login","ConnectionId":"0HNGCIF4ACHNV","CorrelationId":"6f8738f4","Application":"AppleMusicAPI"}
MyApp.WebAPI.Exceptions.ValidationException: Invalid email or password
   at MyApp.WebAPI.Services.AuthenticationService.LoginAsync(LoginRequestDto request) in E:\Documents\KULIAH S1 TEKNIK INFORMATIKA\IT DEVELOPER BOOTCAMP (PT SCU)\FIX UI\applemusic-tim1\default-project-main\src\06.WebAPI\Services\AuthenticationService.cs:line 146
   at MyApp.WebAPI.Controllers.AuthController.Login(LoginRequestDto request) in E:\Documents\KULIAH S1 TEKNIK INFORMATIKA\IT DEVELOPER BOOTCAMP (PT SCU)\FIX UI\applemusic-tim1\default-project-main\src\06.WebAPI\Controllers\AuthController.cs:line 98
   at lambda_method724(Closure, Object)
   at Microsoft.AspNetCore.Mvc.Infrastructure.ActionMethodExecutor.AwaitableObjectResultExecutor.Execute(ActionContext actionContext, IActionResultTypeMapper mapper, ObjectMethodExecutor executor, Object controller, Object[] arguments)
   at Microsoft.AspNetCore.Mvc.Infrastructure.ControllerActionInvoker.<InvokeActionMethodAsync>g__Awaited|12_0(ControllerActionInvoker invoker, ValueTask`1 actionResultValueTask)
   at Microsoft.AspNetCore.Mvc.Infrastructure.ControllerActionInvoker.<InvokeNextActionFilterAsync>g__Awaited|10_0(ControllerActionInvoker invoker, Task lastTask, State next, Scope scope, Object state, Boolean isCompleted)
   at Microsoft.AspNetCore.Mvc.Infrastructure.ControllerActionInvoker.Rethrow(ActionExecutedContextSealed context)
   at Microsoft.AspNetCore.Mvc.Infrastructure.ControllerActionInvoker.Next(State& next, Scope& scope, Object& state, Boolean& isCompleted)
   at Microsoft.AspNetCore.Mvc.Infrastructure.ControllerActionInvoker.<InvokeInnerFilterAsync>g__Awaited|13_0(ControllerActionInvoker invoker, Task lastTask, State next, Scope scope, Object state, Boolean isCompleted)
   at Microsoft.AspNetCore.Mvc.Infrastructure.ResourceInvoker.<InvokeFilterPipelineAsync>g__Awaited|20_0(ResourceInvoker invoker, Task lastTask, State next, Scope scope, Object state, Boolean isCompleted)
   at Microsoft.AspNetCore.Mvc.Infrastructure.ResourceInvoker.<InvokeAsync>g__Awaited|17_0(ResourceInvoker invoker, Task task, IDisposable scope)
   at Microsoft.AspNetCore.Mvc.Infrastructure.ResourceInvoker.<InvokeAsync>g__Awaited|17_0(ResourceInvoker invoker, Task task, IDisposable scope)
   at Microsoft.AspNetCore.Authorization.AuthorizationMiddleware.Invoke(HttpContext context)
   at Microsoft.AspNetCore.Authentication.AuthenticationMiddleware.Invoke(HttpContext context)
   at MyApp.WebAPI.Middleware.GlobalExceptionHandlingMiddleware.InvokeAsync(HttpContext context) in E:\Documents\KULIAH S1 TEKNIK INFORMATIKA\IT DEVELOPER BOOTCAMP (PT SCU)\FIX UI\applemusic-tim1\default-project-main\src\06.WebAPI\Middleware\GlobalExceptionHandlingMiddleware.cs:line 51
2025-10-16 16:13:34.136 +07:00 [INF] Login attempt for email: stringg@example.com {"SourceContext":"MyApp.WebAPI.Services.AuthenticationService","ActionId":"06af82b0-06a6-41a8-9802-b02f93a0d114","ActionName":"MyApp.WebAPI.Controllers.AuthController.Login (MyApp.WebAPI)","RequestId":"0HNGCIF4ACHO0:00000001","RequestPath":"/api/Auth/login","ConnectionId":"0HNGCIF4ACHO0","CorrelationId":"08253968","Application":"AppleMusicAPI"}
2025-10-16 16:13:35.703 +07:00 [INF] Login successful for email: stringg@example.com {"SourceContext":"MyApp.WebAPI.Services.AuthenticationService","ActionId":"06af82b0-06a6-41a8-9802-b02f93a0d114","ActionName":"MyApp.WebAPI.Controllers.AuthController.Login (MyApp.WebAPI)","RequestId":"0HNGCIF4ACHO0:00000001","RequestPath":"/api/Auth/login","ConnectionId":"0HNGCIF4ACHO0","CorrelationId":"08253968","Application":"AppleMusicAPI"}
2025-10-16 19:16:38.563 +07:00 [INF] Starting  AppleMusic API {"Application":"AppleMusicAPI"}
2025-10-16 19:16:50.632 +07:00 [INF] 🗄️ Starting database migration for 1 DbContext(s)... {"SourceContext":"Program","Application":"AppleMusicAPI"}
2025-10-16 19:17:02.326 +07:00 [INF] 🔄 Processing AppleMusicDbContext... {"SourceContext":"Program","Application":"AppleMusicAPI"}
2025-10-16 19:17:21.313 +07:00 [WRN] Sensitive data logging is enabled. Log entries and exception messages may include sensitive application data; this mode should only be enabled during development. {"EventId":{"Id":10400,"Name":"Microsoft.EntityFrameworkCore.Infrastructure.SensitiveDataLoggingEnabledWarning"},"SourceContext":"Microsoft.EntityFrameworkCore.Model.Validation","Application":"AppleMusicAPI"}
2025-10-16 19:18:01.045 +07:00 [INF] 📊 AppleMusicDbContext: 0 applied, 1 pending migration(s) {"SourceContext":"Program","Application":"AppleMusicAPI"}
2025-10-16 19:18:03.929 +07:00 [INF] 📋 Applying 1 migration(s) to AppleMusicDbContext: {"SourceContext":"Program","Application":"AppleMusicAPI"}
2025-10-16 19:18:05.811 +07:00 [INF]   → 20251015121530_SecondMigrations {"SourceContext":"Program","Application":"AppleMusicAPI"}
2025-10-16 19:18:10.302 +07:00 [ERR] ❌ Error migrating AppleMusicDbContext: An error was generated for warning 'Microsoft.EntityFrameworkCore.Migrations.PendingModelChangesWarning': The model for context 'AppleMusicDbContext' changes each time it is built. This is usually caused by dynamic values used in a 'HasData' call (e.g. `new DateTime()`, `Guid.NewGuid()`). Add a new migration and examine its contents to locate the cause, and replace the dynamic call with a static, hardcoded value. See https://aka.ms/efcore-docs-pending-changes. This exception can be suppressed or logged by passing event ID 'RelationalEventId.PendingModelChangesWarning' to the 'ConfigureWarnings' method in 'DbContext.OnConfiguring' or 'AddDbContext'. {"SourceContext":"Program","Application":"AppleMusicAPI"}
System.InvalidOperationException: An error was generated for warning 'Microsoft.EntityFrameworkCore.Migrations.PendingModelChangesWarning': The model for context 'AppleMusicDbContext' changes each time it is built. This is usually caused by dynamic values used in a 'HasData' call (e.g. `new DateTime()`, `Guid.NewGuid()`). Add a new migration and examine its contents to locate the cause, and replace the dynamic call with a static, hardcoded value. See https://aka.ms/efcore-docs-pending-changes. This exception can be suppressed or logged by passing event ID 'RelationalEventId.PendingModelChangesWarning' to the 'ConfigureWarnings' method in 'DbContext.OnConfiguring' or 'AddDbContext'.
   at Microsoft.EntityFrameworkCore.Diagnostics.EventDefinition`1.Log[TLoggerCategory](IDiagnosticsLogger`1 logger, TParam arg)
   at Microsoft.EntityFrameworkCore.Diagnostics.RelationalLoggerExtensions.NonDeterministicModel(IDiagnosticsLogger`1 diagnostics, Type contextType)
   at Microsoft.EntityFrameworkCore.Migrations.Internal.Migrator.ValidateMigrations(Boolean useTransaction, String targetMigration)
   at Microsoft.EntityFrameworkCore.Migrations.Internal.Migrator.MigrateAsync(String targetMigration, CancellationToken cancellationToken)
   at MyApp.WebAPI.Extensions.DatabaseExtensions.MigrateDbContextAsync(IServiceProvider serviceProvider, Type contextType, ILogger logger, MigrationResult result) in E:\Documents\KULIAH S1 TEKNIK INFORMATIKA\IT DEVELOPER BOOTCAMP (PT SCU)\FIX UI\applemusic-tim1\default-project-main\src\06.WebAPI\Extentions\DatabaseExtensions.cs:line 157
2025-10-16 19:18:16.264 +07:00 [INF] ━━━━━━━━━━━━━━━━━━━━━━━━━━━━━━━━━━━━━━━━ {"SourceContext":"Program","Application":"AppleMusicAPI"}
2025-10-16 19:18:17.110 +07:00 [INF] 📊 MIGRATION SUMMARY {"SourceContext":"Program","Application":"AppleMusicAPI"}
2025-10-16 19:18:17.726 +07:00 [INF] ━━━━━━━━━━━━━━━━━━━━━━━━━━━━━━━━━━━━━━━━ {"SourceContext":"Program","Application":"AppleMusicAPI"}
2025-10-16 19:18:18.421 +07:00 [INF] Total DbContexts found: 1 {"SourceContext":"Program","Application":"AppleMusicAPI"}
2025-10-16 19:18:19.704 +07:00 [INF] ✅ Migrated: 0 () {"SourceContext":"Program","Application":"AppleMusicAPI"}
2025-10-16 19:18:21.336 +07:00 [INF] ✅ Up to date: 0 () {"SourceContext":"Program","Application":"AppleMusicAPI"}
2025-10-16 19:18:21.796 +07:00 [INF] ⚠️ Skipped: 0 () {"SourceContext":"Program","Application":"AppleMusicAPI"}
2025-10-16 19:18:24.156 +07:00 [INF] ❌ Errors: 1 {"SourceContext":"Program","Application":"AppleMusicAPI"}
2025-10-16 19:18:25.410 +07:00 [INF] 📈 Total migrations applied: 0 {"SourceContext":"Program","Application":"AppleMusicAPI"}
2025-10-16 19:18:25.661 +07:00 [WRN] ⚠️ Migration completed with 1 error(s): {"SourceContext":"Program","Application":"AppleMusicAPI"}
2025-10-16 19:18:25.952 +07:00 [WRN]   → AppleMusicDbContext: An error was generated for warning 'Microsoft.EntityFrameworkCore.Migrations.PendingModelChangesWarning': The model for context 'AppleMusicDbContext' changes each time it is built. This is usually caused by dynamic values used in a 'HasData' call (e.g. `new DateTime()`, `Guid.NewGuid()`). Add a new migration and examine its contents to locate the cause, and replace the dynamic call with a static, hardcoded value. See https://aka.ms/efcore-docs-pending-changes. This exception can be suppressed or logged by passing event ID 'RelationalEventId.PendingModelChangesWarning' to the 'ConfigureWarnings' method in 'DbContext.OnConfiguring' or 'AddDbContext'. {"SourceContext":"Program","Application":"AppleMusicAPI"}
2025-10-16 19:18:27.673 +07:00 [INF] ━━━━━━━━━━━━━━━━━━━━━━━━━━━━━━━━━━━━━━━━ {"SourceContext":"Program","Application":"AppleMusicAPI"}
2025-10-16 19:18:29.971 +07:00 [INF] Ensuring database is created... {"Application":"AppleMusicAPI"}
2025-10-16 19:19:38.299 +07:00 [ERR] Failed executing DbCommand (67,880ms) [Parameters=[], CommandType='"Text"', CommandTimeout='60']

IF EXISTS
    (SELECT *
     FROM [sys].[objects] o
     WHERE [o].[type] = 'U'
     AND [o].[is_ms_shipped] = 0
     AND NOT EXISTS (SELECT *
         FROM [sys].[extended_properties] AS [ep]
         WHERE [ep].[major_id] = [o].[object_id]
             AND [ep].[minor_id] = 0
             AND [ep].[class] = 1
             AND [ep].[name] = N'microsoft_database_tools_support'
    )
)
SELECT 1 ELSE SELECT 0 {"EventId":{"Id":20102,"Name":"Microsoft.EntityFrameworkCore.Database.Command.CommandError"},"SourceContext":"Microsoft.EntityFrameworkCore.Database.Command","Application":"AppleMusicAPI"}
2025-10-16 19:20:02.668 +07:00 [ERR] Error creating database {"Application":"AppleMusicAPI"}
Microsoft.Data.SqlClient.SqlException (0x80131904): Execution Timeout Expired.  The timeout period elapsed prior to completion of the operation or the server is not responding.
 ---> System.ComponentModel.Win32Exception (258): The wait operation timed out.
   at Microsoft.Data.SqlClient.SqlInternalConnection.OnError(SqlException exception, Boolean breakConnection, Action`1 wrapCloseInAction)
   at Microsoft.Data.SqlClient.TdsParser.ThrowExceptionAndWarning(TdsParserStateObject stateObj, Boolean callerHasConnectionLock, Boolean asyncClose)
   at Microsoft.Data.SqlClient.TdsParserStateObject.ThrowExceptionAndWarning(Boolean callerHasConnectionLock, Boolean asyncClose)
   at Microsoft.Data.SqlClient.TdsParserStateObject.ReadSniError(TdsParserStateObject stateObj, UInt32 error)
   at Microsoft.Data.SqlClient.TdsParserStateObject.ReadSniSyncOverAsync()
   at Microsoft.Data.SqlClient.TdsParserStateObject.TryReadNetworkPacket()
   at Microsoft.Data.SqlClient.TdsParserStateObject.TryPrepareBuffer()
   at Microsoft.Data.SqlClient.TdsParserStateObject.TryReadByte(Byte& value)
   at Microsoft.Data.SqlClient.TdsParser.TryRun(RunBehavior runBehavior, SqlCommand cmdHandler, SqlDataReader dataStream, BulkCopySimpleResultSet bulkCopyHandler, TdsParserStateObject stateObj, Boolean& dataReady)
   at Microsoft.Data.SqlClient.SqlDataReader.TryConsumeMetaData()
   at Microsoft.Data.SqlClient.SqlDataReader.get_MetaData()
   at Microsoft.Data.SqlClient.SqlCommand.FinishExecuteReader(SqlDataReader ds, RunBehavior runBehavior, String resetOptionsString, Boolean isInternal, Boolean forDescribeParameterEncryption, Boolean shouldCacheForAlwaysEncrypted)
   at Microsoft.Data.SqlClient.SqlCommand.RunExecuteReaderTds(CommandBehavior cmdBehavior, RunBehavior runBehavior, Boolean returnStream, Boolean isAsync, Int32 timeout, Task& task, Boolean asyncWrite, Boolean inRetry, SqlDataReader ds, Boolean describeParameterEncryptionRequest)
   at Microsoft.Data.SqlClient.SqlCommand.RunExecuteReader(CommandBehavior cmdBehavior, RunBehavior runBehavior, Boolean returnStream, TaskCompletionSource`1 completion, Int32 timeout, Task& task, Boolean& usedCache, Boolean asyncWrite, Boolean inRetry, String method)
   at Microsoft.Data.SqlClient.SqlCommand.RunExecuteReader(CommandBehavior cmdBehavior, RunBehavior runBehavior, Boolean returnStream, String method)
   at Microsoft.Data.SqlClient.SqlCommand.ExecuteScalar()
   at Microsoft.EntityFrameworkCore.Storage.RelationalCommand.ExecuteScalar(RelationalCommandParameterObject parameterObject)
   at Microsoft.EntityFrameworkCore.SqlServer.Storage.Internal.SqlServerDatabaseCreator.<HasTables>b__13_0(ISqlServerConnection connection)
   at Microsoft.EntityFrameworkCore.ExecutionStrategyExtensions.<>c__DisplayClass12_0`2.<Execute>b__0(DbContext _, TState s)
   at Microsoft.EntityFrameworkCore.Storage.ExecutionStrategy.<>c__DisplayClass28_0`2.<Execute>b__0(DbContext context, TState state)
   at Microsoft.EntityFrameworkCore.Storage.ExecutionStrategy.ExecuteImplementation[TState,TResult](Func`3 operation, Func`3 verifySucceeded, TState state)
   at Microsoft.EntityFrameworkCore.Storage.ExecutionStrategy.Execute[TState,TResult](TState state, Func`3 operation, Func`3 verifySucceeded)
   at Microsoft.EntityFrameworkCore.ExecutionStrategyExtensions.Execute[TState,TResult](IExecutionStrategy strategy, TState state, Func`2 operation, Func`2 verifySucceeded)
   at Microsoft.EntityFrameworkCore.SqlServer.Storage.Internal.SqlServerDatabaseCreator.HasTables()
   at Microsoft.EntityFrameworkCore.Storage.RelationalDatabaseCreator.EnsureCreated()
   at Microsoft.EntityFrameworkCore.Infrastructure.DatabaseFacade.EnsureCreated()
   at Program.<Main>$(String[] args) in E:\Documents\KULIAH S1 TEKNIK INFORMATIKA\IT DEVELOPER BOOTCAMP (PT SCU)\FIX UI\applemusic-tim1\default-project-main\src\06.WebAPI\Program.cs:line 303
ClientConnectionId:c0ca753d-cfc5-4a28-b7a9-8c7ff0637a15
Error Number:-2,State:0,Class:11
2025-10-16 19:20:10.706 +07:00 [FTL] Application terminated unexpectedly {"Application":"AppleMusicAPI"}
Microsoft.Data.SqlClient.SqlException (0x80131904): Execution Timeout Expired.  The timeout period elapsed prior to completion of the operation or the server is not responding.
 ---> System.ComponentModel.Win32Exception (258): The wait operation timed out.
   at Microsoft.Data.SqlClient.SqlInternalConnection.OnError(SqlException exception, Boolean breakConnection, Action`1 wrapCloseInAction)
   at Microsoft.Data.SqlClient.TdsParser.ThrowExceptionAndWarning(TdsParserStateObject stateObj, Boolean callerHasConnectionLock, Boolean asyncClose)
   at Microsoft.Data.SqlClient.TdsParserStateObject.ThrowExceptionAndWarning(Boolean callerHasConnectionLock, Boolean asyncClose)
   at Microsoft.Data.SqlClient.TdsParserStateObject.ReadSniError(TdsParserStateObject stateObj, UInt32 error)
   at Microsoft.Data.SqlClient.TdsParserStateObject.ReadSniSyncOverAsync()
   at Microsoft.Data.SqlClient.TdsParserStateObject.TryReadNetworkPacket()
   at Microsoft.Data.SqlClient.TdsParserStateObject.TryPrepareBuffer()
   at Microsoft.Data.SqlClient.TdsParserStateObject.TryReadByte(Byte& value)
   at Microsoft.Data.SqlClient.TdsParser.TryRun(RunBehavior runBehavior, SqlCommand cmdHandler, SqlDataReader dataStream, BulkCopySimpleResultSet bulkCopyHandler, TdsParserStateObject stateObj, Boolean& dataReady)
   at Microsoft.Data.SqlClient.SqlDataReader.TryConsumeMetaData()
   at Microsoft.Data.SqlClient.SqlDataReader.get_MetaData()
   at Microsoft.Data.SqlClient.SqlCommand.FinishExecuteReader(SqlDataReader ds, RunBehavior runBehavior, String resetOptionsString, Boolean isInternal, Boolean forDescribeParameterEncryption, Boolean shouldCacheForAlwaysEncrypted)
   at Microsoft.Data.SqlClient.SqlCommand.RunExecuteReaderTds(CommandBehavior cmdBehavior, RunBehavior runBehavior, Boolean returnStream, Boolean isAsync, Int32 timeout, Task& task, Boolean asyncWrite, Boolean inRetry, SqlDataReader ds, Boolean describeParameterEncryptionRequest)
   at Microsoft.Data.SqlClient.SqlCommand.RunExecuteReader(CommandBehavior cmdBehavior, RunBehavior runBehavior, Boolean returnStream, TaskCompletionSource`1 completion, Int32 timeout, Task& task, Boolean& usedCache, Boolean asyncWrite, Boolean inRetry, String method)
   at Microsoft.Data.SqlClient.SqlCommand.RunExecuteReader(CommandBehavior cmdBehavior, RunBehavior runBehavior, Boolean returnStream, String method)
   at Microsoft.Data.SqlClient.SqlCommand.ExecuteScalar()
   at Microsoft.EntityFrameworkCore.Storage.RelationalCommand.ExecuteScalar(RelationalCommandParameterObject parameterObject)
   at Microsoft.EntityFrameworkCore.SqlServer.Storage.Internal.SqlServerDatabaseCreator.<HasTables>b__13_0(ISqlServerConnection connection)
   at Microsoft.EntityFrameworkCore.ExecutionStrategyExtensions.<>c__DisplayClass12_0`2.<Execute>b__0(DbContext _, TState s)
   at Microsoft.EntityFrameworkCore.Storage.ExecutionStrategy.<>c__DisplayClass28_0`2.<Execute>b__0(DbContext context, TState state)
   at Microsoft.EntityFrameworkCore.Storage.ExecutionStrategy.ExecuteImplementation[TState,TResult](Func`3 operation, Func`3 verifySucceeded, TState state)
   at Microsoft.EntityFrameworkCore.Storage.ExecutionStrategy.Execute[TState,TResult](TState state, Func`3 operation, Func`3 verifySucceeded)
   at Microsoft.EntityFrameworkCore.ExecutionStrategyExtensions.Execute[TState,TResult](IExecutionStrategy strategy, TState state, Func`2 operation, Func`2 verifySucceeded)
   at Microsoft.EntityFrameworkCore.SqlServer.Storage.Internal.SqlServerDatabaseCreator.HasTables()
   at Microsoft.EntityFrameworkCore.Storage.RelationalDatabaseCreator.EnsureCreated()
   at Microsoft.EntityFrameworkCore.Infrastructure.DatabaseFacade.EnsureCreated()
   at Program.<Main>$(String[] args) in E:\Documents\KULIAH S1 TEKNIK INFORMATIKA\IT DEVELOPER BOOTCAMP (PT SCU)\FIX UI\applemusic-tim1\default-project-main\src\06.WebAPI\Program.cs:line 303
ClientConnectionId:c0ca753d-cfc5-4a28-b7a9-8c7ff0637a15
Error Number:-2,State:0,Class:11
2025-10-16 19:22:31.272 +07:00 [INF] Starting  AppleMusic API {"Application":"AppleMusicAPI"}
2025-10-16 19:22:35.757 +07:00 [INF] 🗄️ Starting database migration for 1 DbContext(s)... {"SourceContext":"Program","Application":"AppleMusicAPI"}
2025-10-16 19:22:39.541 +07:00 [INF] 🔄 Processing AppleMusicDbContext... {"SourceContext":"Program","Application":"AppleMusicAPI"}
2025-10-16 20:07:47.063 +07:00 [INF] Starting  AppleMusic API {"Application":"AppleMusicAPI"}
2025-10-16 20:08:16.426 +07:00 [INF] 🗄️ Starting database migration for 1 DbContext(s)... {"SourceContext":"Program","Application":"AppleMusicAPI"}
2025-10-16 20:08:16.588 +07:00 [INF] 🔄 Processing AppleMusicDbContext... {"SourceContext":"Program","Application":"AppleMusicAPI"}
2025-10-16 20:08:23.720 +07:00 [WRN] Sensitive data logging is enabled. Log entries and exception messages may include sensitive application data; this mode should only be enabled during development. {"EventId":{"Id":10400,"Name":"Microsoft.EntityFrameworkCore.Infrastructure.SensitiveDataLoggingEnabledWarning"},"SourceContext":"Microsoft.EntityFrameworkCore.Model.Validation","Application":"AppleMusicAPI"}
2025-10-16 20:08:49.642 +07:00 [INF] 📊 AppleMusicDbContext: 0 applied, 1 pending migration(s) {"SourceContext":"Program","Application":"AppleMusicAPI"}
2025-10-16 20:08:51.089 +07:00 [INF] 📋 Applying 1 migration(s) to AppleMusicDbContext: {"SourceContext":"Program","Application":"AppleMusicAPI"}
2025-10-16 20:08:53.659 +07:00 [INF]   → 20251015121530_SecondMigrations {"SourceContext":"Program","Application":"AppleMusicAPI"}
2025-10-16 20:08:57.509 +07:00 [ERR] ❌ Error migrating AppleMusicDbContext: An error was generated for warning 'Microsoft.EntityFrameworkCore.Migrations.PendingModelChangesWarning': The model for context 'AppleMusicDbContext' changes each time it is built. This is usually caused by dynamic values used in a 'HasData' call (e.g. `new DateTime()`, `Guid.NewGuid()`). Add a new migration and examine its contents to locate the cause, and replace the dynamic call with a static, hardcoded value. See https://aka.ms/efcore-docs-pending-changes. This exception can be suppressed or logged by passing event ID 'RelationalEventId.PendingModelChangesWarning' to the 'ConfigureWarnings' method in 'DbContext.OnConfiguring' or 'AddDbContext'. {"SourceContext":"Program","Application":"AppleMusicAPI"}
System.InvalidOperationException: An error was generated for warning 'Microsoft.EntityFrameworkCore.Migrations.PendingModelChangesWarning': The model for context 'AppleMusicDbContext' changes each time it is built. This is usually caused by dynamic values used in a 'HasData' call (e.g. `new DateTime()`, `Guid.NewGuid()`). Add a new migration and examine its contents to locate the cause, and replace the dynamic call with a static, hardcoded value. See https://aka.ms/efcore-docs-pending-changes. This exception can be suppressed or logged by passing event ID 'RelationalEventId.PendingModelChangesWarning' to the 'ConfigureWarnings' method in 'DbContext.OnConfiguring' or 'AddDbContext'.
   at Microsoft.EntityFrameworkCore.Diagnostics.EventDefinition`1.Log[TLoggerCategory](IDiagnosticsLogger`1 logger, TParam arg)
   at Microsoft.EntityFrameworkCore.Diagnostics.RelationalLoggerExtensions.NonDeterministicModel(IDiagnosticsLogger`1 diagnostics, Type contextType)
   at Microsoft.EntityFrameworkCore.Migrations.Internal.Migrator.ValidateMigrations(Boolean useTransaction, String targetMigration)
   at Microsoft.EntityFrameworkCore.Migrations.Internal.Migrator.MigrateAsync(String targetMigration, CancellationToken cancellationToken)
   at MyApp.WebAPI.Extensions.DatabaseExtensions.MigrateDbContextAsync(IServiceProvider serviceProvider, Type contextType, ILogger logger, MigrationResult result) in E:\Documents\KULIAH S1 TEKNIK INFORMATIKA\IT DEVELOPER BOOTCAMP (PT SCU)\FIX UI\applemusic-tim1\default-project-main\src\06.WebAPI\Extentions\DatabaseExtensions.cs:line 157
2025-10-16 20:08:57.785 +07:00 [INF] ━━━━━━━━━━━━━━━━━━━━━━━━━━━━━━━━━━━━━━━━ {"SourceContext":"Program","Application":"AppleMusicAPI"}
2025-10-16 20:08:57.823 +07:00 [INF] 📊 MIGRATION SUMMARY {"SourceContext":"Program","Application":"AppleMusicAPI"}
2025-10-16 20:08:57.844 +07:00 [INF] ━━━━━━━━━━━━━━━━━━━━━━━━━━━━━━━━━━━━━━━━ {"SourceContext":"Program","Application":"AppleMusicAPI"}
2025-10-16 20:09:02.224 +07:00 [INF] Total DbContexts found: 1 {"SourceContext":"Program","Application":"AppleMusicAPI"}
2025-10-16 20:09:02.484 +07:00 [INF] ✅ Migrated: 0 () {"SourceContext":"Program","Application":"AppleMusicAPI"}
2025-10-16 20:09:02.619 +07:00 [INF] ✅ Up to date: 0 () {"SourceContext":"Program","Application":"AppleMusicAPI"}
2025-10-16 20:09:02.824 +07:00 [INF] ⚠️ Skipped: 0 () {"SourceContext":"Program","Application":"AppleMusicAPI"}
2025-10-16 20:09:02.894 +07:00 [INF] ❌ Errors: 1 {"SourceContext":"Program","Application":"AppleMusicAPI"}
2025-10-16 20:09:03.824 +07:00 [INF] 📈 Total migrations applied: 0 {"SourceContext":"Program","Application":"AppleMusicAPI"}
2025-10-16 20:09:05.527 +07:00 [WRN] ⚠️ Migration completed with 1 error(s): {"SourceContext":"Program","Application":"AppleMusicAPI"}
2025-10-16 20:09:05.601 +07:00 [WRN]   → AppleMusicDbContext: An error was generated for warning 'Microsoft.EntityFrameworkCore.Migrations.PendingModelChangesWarning': The model for context 'AppleMusicDbContext' changes each time it is built. This is usually caused by dynamic values used in a 'HasData' call (e.g. `new DateTime()`, `Guid.NewGuid()`). Add a new migration and examine its contents to locate the cause, and replace the dynamic call with a static, hardcoded value. See https://aka.ms/efcore-docs-pending-changes. This exception can be suppressed or logged by passing event ID 'RelationalEventId.PendingModelChangesWarning' to the 'ConfigureWarnings' method in 'DbContext.OnConfiguring' or 'AddDbContext'. {"SourceContext":"Program","Application":"AppleMusicAPI"}
2025-10-16 20:09:05.943 +07:00 [INF] ━━━━━━━━━━━━━━━━━━━━━━━━━━━━━━━━━━━━━━━━ {"SourceContext":"Program","Application":"AppleMusicAPI"}
2025-10-16 20:09:07.341 +07:00 [INF] Ensuring database is created... {"Application":"AppleMusicAPI"}
2025-10-16 20:09:10.224 +07:00 [INF] Database ready with Identity tables and default roles {"Application":"AppleMusicAPI"}
2025-10-16 20:09:12.442 +07:00 [INF] Application started successfully with Authentication & Authorization {"Application":"AppleMusicAPI"}
